The system is: Linux - 4.15.0-1021-aws - x86_64
Compiling the C compiler identification source file "CMakeCCompilerId.c" succeeded.
Compiler: /usr/bin/clang-7 
Build flags: 
Id flags:  

The output was:
0


Compilation of the C compiler identification source "CMakeCCompilerId.c" produced "a.out"

The C compiler identification is Clang, found in "/aleth/build/deps/src/mpir-build/CMakeFiles/3.10.2/CompilerIdC/a.out"

Compiling the CXX compiler identification source file "CMakeCXXCompilerId.cpp" succeeded.
Compiler: /usr/bin/clang++-7 
Build flags: 
Id flags:  

The output was:
0


Compilation of the CXX compiler identification source "CMakeCXXCompilerId.cpp" produced "a.out"

The CXX compiler identification is Clang, found in "/aleth/build/deps/src/mpir-build/CMakeFiles/3.10.2/CompilerIdCXX/a.out"

Determining if the C compiler works passed with the following output:
Change Dir: /aleth/build/deps/src/mpir-build/CMakeFiles/CMakeTmp

Run Build Command:"/usr/bin/make" "cmTC_4b41a/fast"
make[3]: Entering directory '/aleth/build/deps/src/mpir-build/CMakeFiles/CMakeTmp'
/usr/bin/make -f CMakeFiles/cmTC_4b41a.dir/build.make CMakeFiles/cmTC_4b41a.dir/build
make[4]: Entering directory '/aleth/build/deps/src/mpir-build/CMakeFiles/CMakeTmp'
Building C object CMakeFiles/cmTC_4b41a.dir/testCCompiler.c.o
/usr/bin/clang-7    -o CMakeFiles/cmTC_4b41a.dir/testCCompiler.c.o   -c /aleth/build/deps/src/mpir-build/CMakeFiles/CMakeTmp/testCCompiler.c
Linking C executable cmTC_4b41a
/usr/bin/cmake -E cmake_link_script CMakeFiles/cmTC_4b41a.dir/link.txt --verbose=1
/usr/bin/clang-7      -rdynamic CMakeFiles/cmTC_4b41a.dir/testCCompiler.c.o  -o cmTC_4b41a 
make[4]: Leaving directory '/aleth/build/deps/src/mpir-build/CMakeFiles/CMakeTmp'
make[3]: Leaving directory '/aleth/build/deps/src/mpir-build/CMakeFiles/CMakeTmp'


Detecting C compiler ABI info compiled with the following output:
Change Dir: /aleth/build/deps/src/mpir-build/CMakeFiles/CMakeTmp

Run Build Command:"/usr/bin/make" "cmTC_9b602/fast"
make[3]: Entering directory '/aleth/build/deps/src/mpir-build/CMakeFiles/CMakeTmp'
/usr/bin/make -f CMakeFiles/cmTC_9b602.dir/build.make CMakeFiles/cmTC_9b602.dir/build
make[4]: Entering directory '/aleth/build/deps/src/mpir-build/CMakeFiles/CMakeTmp'
Building C object CMakeFiles/cmTC_9b602.dir/CMakeCCompilerABI.c.o
/usr/bin/clang-7    -o CMakeFiles/cmTC_9b602.dir/CMakeCCompilerABI.c.o   -c /usr/share/cmake-3.10/Modules/CMakeCCompilerABI.c
Linking C executable cmTC_9b602
/usr/bin/cmake -E cmake_link_script CMakeFiles/cmTC_9b602.dir/link.txt --verbose=1
/usr/bin/clang-7     -v -rdynamic CMakeFiles/cmTC_9b602.dir/CMakeCCompilerABI.c.o  -o cmTC_9b602 
clang version 7.0.0-svn342187-1~exp1~20180920124227.28 (branches/release_70)
Target: x86_64-pc-linux-gnu
Thread model: posix
InstalledDir: /usr/bin
Found candidate GCC installation: /usr/bin/../lib/gcc/x86_64-linux-gnu/5
Found candidate GCC installation: /usr/bin/../lib/gcc/x86_64-linux-gnu/5.5.0
Found candidate GCC installation: /usr/bin/../lib/gcc/x86_64-linux-gnu/7
Found candidate GCC installation: /usr/bin/../lib/gcc/x86_64-linux-gnu/7.3.0
Found candidate GCC installation: /usr/bin/../lib/gcc/x86_64-linux-gnu/8
Found candidate GCC installation: /usr/lib/gcc/x86_64-linux-gnu/5
Found candidate GCC installation: /usr/lib/gcc/x86_64-linux-gnu/5.5.0
Found candidate GCC installation: /usr/lib/gcc/x86_64-linux-gnu/7
Found candidate GCC installation: /usr/lib/gcc/x86_64-linux-gnu/7.3.0
Found candidate GCC installation: /usr/lib/gcc/x86_64-linux-gnu/8
Selected GCC installation: /usr/bin/../lib/gcc/x86_64-linux-gnu/7.3.0
Candidate multilib: .;@m64
Selected multilib: .;@m64
 "/usr/bin/ld" -export-dynamic -z relro --hash-style=gnu --eh-frame-hdr -m elf_x86_64 -export-dynamic -dynamic-linker /lib64/ld-linux-x86-64.so.2 -o cmTC_9b602 /usr/bin/../lib/gcc/x86_64-linux-gnu/7.3.0/../../../x86_64-linux-gnu/crt1.o /usr/bin/../lib/gcc/x86_64-linux-gnu/7.3.0/../../../x86_64-linux-gnu/crti.o /usr/bin/../lib/gcc/x86_64-linux-gnu/7.3.0/crtbegin.o -L/usr/bin/../lib/gcc/x86_64-linux-gnu/7.3.0 -L/usr/bin/../lib/gcc/x86_64-linux-gnu/7.3.0/../../../x86_64-linux-gnu -L/lib/x86_64-linux-gnu -L/lib/../lib64 -L/usr/lib/x86_64-linux-gnu -L/usr/bin/../lib/gcc/x86_64-linux-gnu/7.3.0/../../.. -L/usr/lib/llvm-7/bin/../lib -L/lib -L/usr/lib CMakeFiles/cmTC_9b602.dir/CMakeCCompilerABI.c.o -lgcc --as-needed -lgcc_s --no-as-needed -lc -lgcc --as-needed -lgcc_s --no-as-needed /usr/bin/../lib/gcc/x86_64-linux-gnu/7.3.0/crtend.o /usr/bin/../lib/gcc/x86_64-linux-gnu/7.3.0/../../../x86_64-linux-gnu/crtn.o
make[4]: Leaving directory '/aleth/build/deps/src/mpir-build/CMakeFiles/CMakeTmp'
make[3]: Leaving directory '/aleth/build/deps/src/mpir-build/CMakeFiles/CMakeTmp'


Parsed C implicit link information from above output:
  link line regex: [^( *|.*[/\])(ld|CMAKE_LINK_STARTFILE-NOTFOUND|([^/\]+-)?ld|collect2)[^/\]*( |$)]
  ignore line: [Change Dir: /aleth/build/deps/src/mpir-build/CMakeFiles/CMakeTmp]
  ignore line: []
  ignore line: [Run Build Command:"/usr/bin/make" "cmTC_9b602/fast"]
  ignore line: [make[3]: Entering directory '/aleth/build/deps/src/mpir-build/CMakeFiles/CMakeTmp']
  ignore line: [/usr/bin/make -f CMakeFiles/cmTC_9b602.dir/build.make CMakeFiles/cmTC_9b602.dir/build]
  ignore line: [make[4]: Entering directory '/aleth/build/deps/src/mpir-build/CMakeFiles/CMakeTmp']
  ignore line: [Building C object CMakeFiles/cmTC_9b602.dir/CMakeCCompilerABI.c.o]
  ignore line: [/usr/bin/clang-7    -o CMakeFiles/cmTC_9b602.dir/CMakeCCompilerABI.c.o   -c /usr/share/cmake-3.10/Modules/CMakeCCompilerABI.c]
  ignore line: [Linking C executable cmTC_9b602]
  ignore line: [/usr/bin/cmake -E cmake_link_script CMakeFiles/cmTC_9b602.dir/link.txt --verbose=1]
  ignore line: [/usr/bin/clang-7     -v -rdynamic CMakeFiles/cmTC_9b602.dir/CMakeCCompilerABI.c.o  -o cmTC_9b602 ]
  ignore line: [clang version 7.0.0-svn342187-1~exp1~20180920124227.28 (branches/release_70)]
  ignore line: [Target: x86_64-pc-linux-gnu]
  ignore line: [Thread model: posix]
  ignore line: [InstalledDir: /usr/bin]
  ignore line: [Found candidate GCC installation: /usr/bin/../lib/gcc/x86_64-linux-gnu/5]
  ignore line: [Found candidate GCC installation: /usr/bin/../lib/gcc/x86_64-linux-gnu/5.5.0]
  ignore line: [Found candidate GCC installation: /usr/bin/../lib/gcc/x86_64-linux-gnu/7]
  ignore line: [Found candidate GCC installation: /usr/bin/../lib/gcc/x86_64-linux-gnu/7.3.0]
  ignore line: [Found candidate GCC installation: /usr/bin/../lib/gcc/x86_64-linux-gnu/8]
  ignore line: [Found candidate GCC installation: /usr/lib/gcc/x86_64-linux-gnu/5]
  ignore line: [Found candidate GCC installation: /usr/lib/gcc/x86_64-linux-gnu/5.5.0]
  ignore line: [Found candidate GCC installation: /usr/lib/gcc/x86_64-linux-gnu/7]
  ignore line: [Found candidate GCC installation: /usr/lib/gcc/x86_64-linux-gnu/7.3.0]
  ignore line: [Found candidate GCC installation: /usr/lib/gcc/x86_64-linux-gnu/8]
  ignore line: [Selected GCC installation: /usr/bin/../lib/gcc/x86_64-linux-gnu/7.3.0]
  ignore line: [Candidate multilib: .]
  ignore line: [@m64]
  ignore line: [Selected multilib: .]
  ignore line: [@m64]
  link line: [ "/usr/bin/ld" -export-dynamic -z relro --hash-style=gnu --eh-frame-hdr -m elf_x86_64 -export-dynamic -dynamic-linker /lib64/ld-linux-x86-64.so.2 -o cmTC_9b602 /usr/bin/../lib/gcc/x86_64-linux-gnu/7.3.0/../../../x86_64-linux-gnu/crt1.o /usr/bin/../lib/gcc/x86_64-linux-gnu/7.3.0/../../../x86_64-linux-gnu/crti.o /usr/bin/../lib/gcc/x86_64-linux-gnu/7.3.0/crtbegin.o -L/usr/bin/../lib/gcc/x86_64-linux-gnu/7.3.0 -L/usr/bin/../lib/gcc/x86_64-linux-gnu/7.3.0/../../../x86_64-linux-gnu -L/lib/x86_64-linux-gnu -L/lib/../lib64 -L/usr/lib/x86_64-linux-gnu -L/usr/bin/../lib/gcc/x86_64-linux-gnu/7.3.0/../../.. -L/usr/lib/llvm-7/bin/../lib -L/lib -L/usr/lib CMakeFiles/cmTC_9b602.dir/CMakeCCompilerABI.c.o -lgcc --as-needed -lgcc_s --no-as-needed -lc -lgcc --as-needed -lgcc_s --no-as-needed /usr/bin/../lib/gcc/x86_64-linux-gnu/7.3.0/crtend.o /usr/bin/../lib/gcc/x86_64-linux-gnu/7.3.0/../../../x86_64-linux-gnu/crtn.o]
    arg [/usr/bin/ld] ==> ignore
    arg [-export-dynamic] ==> ignore
    arg [-zrelro] ==> ignore
    arg [--hash-style=gnu] ==> ignore
    arg [--eh-frame-hdr] ==> ignore
    arg [-m] ==> ignore
    arg [elf_x86_64] ==> ignore
    arg [-export-dynamic] ==> ignore
    arg [-dynamic-linker] ==> ignore
    arg [/lib64/ld-linux-x86-64.so.2] ==> ignore
    arg [-o] ==> ignore
    arg [cmTC_9b602] ==> ignore
    arg [/usr/bin/../lib/gcc/x86_64-linux-gnu/7.3.0/../../../x86_64-linux-gnu/crt1.o] ==> ignore
    arg [/usr/bin/../lib/gcc/x86_64-linux-gnu/7.3.0/../../../x86_64-linux-gnu/crti.o] ==> ignore
    arg [/usr/bin/../lib/gcc/x86_64-linux-gnu/7.3.0/crtbegin.o] ==> ignore
    arg [-L/usr/bin/../lib/gcc/x86_64-linux-gnu/7.3.0] ==> dir [/usr/bin/../lib/gcc/x86_64-linux-gnu/7.3.0]
    arg [-L/usr/bin/../lib/gcc/x86_64-linux-gnu/7.3.0/../../../x86_64-linux-gnu] ==> dir [/usr/bin/../lib/gcc/x86_64-linux-gnu/7.3.0/../../../x86_64-linux-gnu]
    arg [-L/lib/x86_64-linux-gnu] ==> dir [/lib/x86_64-linux-gnu]
    arg [-L/lib/../lib64] ==> dir [/lib/../lib64]
    arg [-L/usr/lib/x86_64-linux-gnu] ==> dir [/usr/lib/x86_64-linux-gnu]
    arg [-L/usr/bin/../lib/gcc/x86_64-linux-gnu/7.3.0/../../..] ==> dir [/usr/bin/../lib/gcc/x86_64-linux-gnu/7.3.0/../../..]
    arg [-L/usr/lib/llvm-7/bin/../lib] ==> dir [/usr/lib/llvm-7/bin/../lib]
    arg [-L/lib] ==> dir [/lib]
    arg [-L/usr/lib] ==> dir [/usr/lib]
    arg [CMakeFiles/cmTC_9b602.dir/CMakeCCompilerABI.c.o] ==> ignore
    arg [-lgcc] ==> lib [gcc]
    arg [--as-needed] ==> ignore
    arg [-lgcc_s] ==> lib [gcc_s]
    arg [--no-as-needed] ==> ignore
    arg [-lc] ==> lib [c]
    arg [-lgcc] ==> lib [gcc]
    arg [--as-needed] ==> ignore
    arg [-lgcc_s] ==> lib [gcc_s]
    arg [--no-as-needed] ==> ignore
    arg [/usr/bin/../lib/gcc/x86_64-linux-gnu/7.3.0/crtend.o] ==> ignore
    arg [/usr/bin/../lib/gcc/x86_64-linux-gnu/7.3.0/../../../x86_64-linux-gnu/crtn.o] ==> ignore
  collapse library dir [/usr/bin/../lib/gcc/x86_64-linux-gnu/7.3.0] ==> [/usr/lib/gcc/x86_64-linux-gnu/7.3.0]
  collapse library dir [/usr/bin/../lib/gcc/x86_64-linux-gnu/7.3.0/../../../x86_64-linux-gnu] ==> [/usr/lib/x86_64-linux-gnu]
  collapse library dir [/lib/x86_64-linux-gnu] ==> [/lib/x86_64-linux-gnu]
  collapse library dir [/lib/../lib64] ==> [/lib64]
  collapse library dir [/usr/lib/x86_64-linux-gnu] ==> [/usr/lib/x86_64-linux-gnu]
  collapse library dir [/usr/bin/../lib/gcc/x86_64-linux-gnu/7.3.0/../../..] ==> [/usr/lib]
  collapse library dir [/usr/lib/llvm-7/bin/../lib] ==> [/usr/lib/llvm-7/lib]
  collapse library dir [/lib] ==> [/lib]
  collapse library dir [/usr/lib] ==> [/usr/lib]
  implicit libs: [gcc;gcc_s;c;gcc;gcc_s]
  implicit dirs: [/usr/lib/gcc/x86_64-linux-gnu/7.3.0;/usr/lib/x86_64-linux-gnu;/lib/x86_64-linux-gnu;/lib64;/usr/lib;/usr/lib/llvm-7/lib;/lib]
  implicit fwks: []




Detecting C [-std=c11] compiler features compiled with the following output:
Change Dir: /aleth/build/deps/src/mpir-build/CMakeFiles/CMakeTmp

Run Build Command:"/usr/bin/make" "cmTC_314d5/fast"
make[3]: Entering directory '/aleth/build/deps/src/mpir-build/CMakeFiles/CMakeTmp'
/usr/bin/make -f CMakeFiles/cmTC_314d5.dir/build.make CMakeFiles/cmTC_314d5.dir/build
make[4]: Entering directory '/aleth/build/deps/src/mpir-build/CMakeFiles/CMakeTmp'
Building C object CMakeFiles/cmTC_314d5.dir/feature_tests.c.o
/usr/bin/clang-7   -std=c11 -o CMakeFiles/cmTC_314d5.dir/feature_tests.c.o   -c /aleth/build/deps/src/mpir-build/CMakeFiles/feature_tests.c
Linking C executable cmTC_314d5
/usr/bin/cmake -E cmake_link_script CMakeFiles/cmTC_314d5.dir/link.txt --verbose=1
/usr/bin/clang-7      -rdynamic CMakeFiles/cmTC_314d5.dir/feature_tests.c.o  -o cmTC_314d5 
make[4]: Leaving directory '/aleth/build/deps/src/mpir-build/CMakeFiles/CMakeTmp'
make[3]: Leaving directory '/aleth/build/deps/src/mpir-build/CMakeFiles/CMakeTmp'


    Feature record: C_FEATURE:1c_function_prototypes
    Feature record: C_FEATURE:1c_restrict
    Feature record: C_FEATURE:1c_static_assert
    Feature record: C_FEATURE:1c_variadic_macros


Detecting C [-std=c99] compiler features compiled with the following output:
Change Dir: /aleth/build/deps/src/mpir-build/CMakeFiles/CMakeTmp

Run Build Command:"/usr/bin/make" "cmTC_d753c/fast"
make[3]: Entering directory '/aleth/build/deps/src/mpir-build/CMakeFiles/CMakeTmp'
/usr/bin/make -f CMakeFiles/cmTC_d753c.dir/build.make CMakeFiles/cmTC_d753c.dir/build
make[4]: Entering directory '/aleth/build/deps/src/mpir-build/CMakeFiles/CMakeTmp'
Building C object CMakeFiles/cmTC_d753c.dir/feature_tests.c.o
/usr/bin/clang-7   -std=c99 -o CMakeFiles/cmTC_d753c.dir/feature_tests.c.o   -c /aleth/build/deps/src/mpir-build/CMakeFiles/feature_tests.c
Linking C executable cmTC_d753c
/usr/bin/cmake -E cmake_link_script CMakeFiles/cmTC_d753c.dir/link.txt --verbose=1
/usr/bin/clang-7      -rdynamic CMakeFiles/cmTC_d753c.dir/feature_tests.c.o  -o cmTC_d753c 
make[4]: Leaving directory '/aleth/build/deps/src/mpir-build/CMakeFiles/CMakeTmp'
make[3]: Leaving directory '/aleth/build/deps/src/mpir-build/CMakeFiles/CMakeTmp'


    Feature record: C_FEATURE:1c_function_prototypes
    Feature record: C_FEATURE:1c_restrict
    Feature record: C_FEATURE:0c_static_assert
    Feature record: C_FEATURE:1c_variadic_macros


Detecting C [-std=c90] compiler features compiled with the following output:
Change Dir: /aleth/build/deps/src/mpir-build/CMakeFiles/CMakeTmp

Run Build Command:"/usr/bin/make" "cmTC_9e395/fast"
make[3]: Entering directory '/aleth/build/deps/src/mpir-build/CMakeFiles/CMakeTmp'
/usr/bin/make -f CMakeFiles/cmTC_9e395.dir/build.make CMakeFiles/cmTC_9e395.dir/build
make[4]: Entering directory '/aleth/build/deps/src/mpir-build/CMakeFiles/CMakeTmp'
Building C object CMakeFiles/cmTC_9e395.dir/feature_tests.c.o
/usr/bin/clang-7   -std=c90 -o CMakeFiles/cmTC_9e395.dir/feature_tests.c.o   -c /aleth/build/deps/src/mpir-build/CMakeFiles/feature_tests.c
Linking C executable cmTC_9e395
/usr/bin/cmake -E cmake_link_script CMakeFiles/cmTC_9e395.dir/link.txt --verbose=1
/usr/bin/clang-7      -rdynamic CMakeFiles/cmTC_9e395.dir/feature_tests.c.o  -o cmTC_9e395 
make[4]: Leaving directory '/aleth/build/deps/src/mpir-build/CMakeFiles/CMakeTmp'
make[3]: Leaving directory '/aleth/build/deps/src/mpir-build/CMakeFiles/CMakeTmp'


    Feature record: C_FEATURE:1c_function_prototypes
    Feature record: C_FEATURE:0c_restrict
    Feature record: C_FEATURE:0c_static_assert
    Feature record: C_FEATURE:0c_variadic_macros
Determining if the CXX compiler works passed with the following output:
Change Dir: /aleth/build/deps/src/mpir-build/CMakeFiles/CMakeTmp

Run Build Command:"/usr/bin/make" "cmTC_9f99a/fast"
make[3]: Entering directory '/aleth/build/deps/src/mpir-build/CMakeFiles/CMakeTmp'
/usr/bin/make -f CMakeFiles/cmTC_9f99a.dir/build.make CMakeFiles/cmTC_9f99a.dir/build
make[4]: Entering directory '/aleth/build/deps/src/mpir-build/CMakeFiles/CMakeTmp'
Building CXX object CMakeFiles/cmTC_9f99a.dir/testCXXCompiler.cxx.o
/usr/bin/clang++-7     -o CMakeFiles/cmTC_9f99a.dir/testCXXCompiler.cxx.o -c /aleth/build/deps/src/mpir-build/CMakeFiles/CMakeTmp/testCXXCompiler.cxx
Linking CXX executable cmTC_9f99a
/usr/bin/cmake -E cmake_link_script CMakeFiles/cmTC_9f99a.dir/link.txt --verbose=1
/usr/bin/clang++-7       -rdynamic CMakeFiles/cmTC_9f99a.dir/testCXXCompiler.cxx.o  -o cmTC_9f99a 
make[4]: Leaving directory '/aleth/build/deps/src/mpir-build/CMakeFiles/CMakeTmp'
make[3]: Leaving directory '/aleth/build/deps/src/mpir-build/CMakeFiles/CMakeTmp'


Detecting CXX compiler ABI info compiled with the following output:
Change Dir: /aleth/build/deps/src/mpir-build/CMakeFiles/CMakeTmp

Run Build Command:"/usr/bin/make" "cmTC_39b59/fast"
make[3]: Entering directory '/aleth/build/deps/src/mpir-build/CMakeFiles/CMakeTmp'
/usr/bin/make -f CMakeFiles/cmTC_39b59.dir/build.make CMakeFiles/cmTC_39b59.dir/build
make[4]: Entering directory '/aleth/build/deps/src/mpir-build/CMakeFiles/CMakeTmp'
Building CXX object CMakeFiles/cmTC_39b59.dir/CMakeCXXCompilerABI.cpp.o
/usr/bin/clang++-7     -o CMakeFiles/cmTC_39b59.dir/CMakeCXXCompilerABI.cpp.o -c /usr/share/cmake-3.10/Modules/CMakeCXXCompilerABI.cpp
Linking CXX executable cmTC_39b59
/usr/bin/cmake -E cmake_link_script CMakeFiles/cmTC_39b59.dir/link.txt --verbose=1
/usr/bin/clang++-7      -v -rdynamic CMakeFiles/cmTC_39b59.dir/CMakeCXXCompilerABI.cpp.o  -o cmTC_39b59 
clang version 7.0.0-svn342187-1~exp1~20180920124227.28 (branches/release_70)
Target: x86_64-pc-linux-gnu
Thread model: posix
InstalledDir: /usr/bin
Found candidate GCC installation: /usr/bin/../lib/gcc/x86_64-linux-gnu/5
Found candidate GCC installation: /usr/bin/../lib/gcc/x86_64-linux-gnu/5.5.0
Found candidate GCC installation: /usr/bin/../lib/gcc/x86_64-linux-gnu/7
Found candidate GCC installation: /usr/bin/../lib/gcc/x86_64-linux-gnu/7.3.0
Found candidate GCC installation: /usr/bin/../lib/gcc/x86_64-linux-gnu/8
Found candidate GCC installation: /usr/lib/gcc/x86_64-linux-gnu/5
Found candidate GCC installation: /usr/lib/gcc/x86_64-linux-gnu/5.5.0
Found candidate GCC installation: /usr/lib/gcc/x86_64-linux-gnu/7
Found candidate GCC installation: /usr/lib/gcc/x86_64-linux-gnu/7.3.0
Found candidate GCC installation: /usr/lib/gcc/x86_64-linux-gnu/8
Selected GCC installation: /usr/bin/../lib/gcc/x86_64-linux-gnu/7.3.0
Candidate multilib: .;@m64
Selected multilib: .;@m64
 "/usr/bin/ld" -export-dynamic -z relro --hash-style=gnu --eh-frame-hdr -m elf_x86_64 -export-dynamic -dynamic-linker /lib64/ld-linux-x86-64.so.2 -o cmTC_39b59 /usr/bin/../lib/gcc/x86_64-linux-gnu/7.3.0/../../../x86_64-linux-gnu/crt1.o /usr/bin/../lib/gcc/x86_64-linux-gnu/7.3.0/../../../x86_64-linux-gnu/crti.o /usr/bin/../lib/gcc/x86_64-linux-gnu/7.3.0/crtbegin.o -L/usr/bin/../lib/gcc/x86_64-linux-gnu/7.3.0 -L/usr/bin/../lib/gcc/x86_64-linux-gnu/7.3.0/../../../x86_64-linux-gnu -L/lib/x86_64-linux-gnu -L/lib/../lib64 -L/usr/lib/x86_64-linux-gnu -L/usr/bin/../lib/gcc/x86_64-linux-gnu/7.3.0/../../.. -L/usr/lib/llvm-7/bin/../lib -L/lib -L/usr/lib CMakeFiles/cmTC_39b59.dir/CMakeCXXCompilerABI.cpp.o -lstdc++ -lm -lgcc_s -lgcc -lc -lgcc_s -lgcc /usr/bin/../lib/gcc/x86_64-linux-gnu/7.3.0/crtend.o /usr/bin/../lib/gcc/x86_64-linux-gnu/7.3.0/../../../x86_64-linux-gnu/crtn.o
make[4]: Leaving directory '/aleth/build/deps/src/mpir-build/CMakeFiles/CMakeTmp'
make[3]: Leaving directory '/aleth/build/deps/src/mpir-build/CMakeFiles/CMakeTmp'


Parsed CXX implicit link information from above output:
  link line regex: [^( *|.*[/\])(ld|CMAKE_LINK_STARTFILE-NOTFOUND|([^/\]+-)?ld|collect2)[^/\]*( |$)]
  ignore line: [Change Dir: /aleth/build/deps/src/mpir-build/CMakeFiles/CMakeTmp]
  ignore line: []
  ignore line: [Run Build Command:"/usr/bin/make" "cmTC_39b59/fast"]
  ignore line: [make[3]: Entering directory '/aleth/build/deps/src/mpir-build/CMakeFiles/CMakeTmp']
  ignore line: [/usr/bin/make -f CMakeFiles/cmTC_39b59.dir/build.make CMakeFiles/cmTC_39b59.dir/build]
  ignore line: [make[4]: Entering directory '/aleth/build/deps/src/mpir-build/CMakeFiles/CMakeTmp']
  ignore line: [Building CXX object CMakeFiles/cmTC_39b59.dir/CMakeCXXCompilerABI.cpp.o]
  ignore line: [/usr/bin/clang++-7     -o CMakeFiles/cmTC_39b59.dir/CMakeCXXCompilerABI.cpp.o -c /usr/share/cmake-3.10/Modules/CMakeCXXCompilerABI.cpp]
  ignore line: [Linking CXX executable cmTC_39b59]
  ignore line: [/usr/bin/cmake -E cmake_link_script CMakeFiles/cmTC_39b59.dir/link.txt --verbose=1]
  ignore line: [/usr/bin/clang++-7      -v -rdynamic CMakeFiles/cmTC_39b59.dir/CMakeCXXCompilerABI.cpp.o  -o cmTC_39b59 ]
  ignore line: [clang version 7.0.0-svn342187-1~exp1~20180920124227.28 (branches/release_70)]
  ignore line: [Target: x86_64-pc-linux-gnu]
  ignore line: [Thread model: posix]
  ignore line: [InstalledDir: /usr/bin]
  ignore line: [Found candidate GCC installation: /usr/bin/../lib/gcc/x86_64-linux-gnu/5]
  ignore line: [Found candidate GCC installation: /usr/bin/../lib/gcc/x86_64-linux-gnu/5.5.0]
  ignore line: [Found candidate GCC installation: /usr/bin/../lib/gcc/x86_64-linux-gnu/7]
  ignore line: [Found candidate GCC installation: /usr/bin/../lib/gcc/x86_64-linux-gnu/7.3.0]
  ignore line: [Found candidate GCC installation: /usr/bin/../lib/gcc/x86_64-linux-gnu/8]
  ignore line: [Found candidate GCC installation: /usr/lib/gcc/x86_64-linux-gnu/5]
  ignore line: [Found candidate GCC installation: /usr/lib/gcc/x86_64-linux-gnu/5.5.0]
  ignore line: [Found candidate GCC installation: /usr/lib/gcc/x86_64-linux-gnu/7]
  ignore line: [Found candidate GCC installation: /usr/lib/gcc/x86_64-linux-gnu/7.3.0]
  ignore line: [Found candidate GCC installation: /usr/lib/gcc/x86_64-linux-gnu/8]
  ignore line: [Selected GCC installation: /usr/bin/../lib/gcc/x86_64-linux-gnu/7.3.0]
  ignore line: [Candidate multilib: .]
  ignore line: [@m64]
  ignore line: [Selected multilib: .]
  ignore line: [@m64]
  link line: [ "/usr/bin/ld" -export-dynamic -z relro --hash-style=gnu --eh-frame-hdr -m elf_x86_64 -export-dynamic -dynamic-linker /lib64/ld-linux-x86-64.so.2 -o cmTC_39b59 /usr/bin/../lib/gcc/x86_64-linux-gnu/7.3.0/../../../x86_64-linux-gnu/crt1.o /usr/bin/../lib/gcc/x86_64-linux-gnu/7.3.0/../../../x86_64-linux-gnu/crti.o /usr/bin/../lib/gcc/x86_64-linux-gnu/7.3.0/crtbegin.o -L/usr/bin/../lib/gcc/x86_64-linux-gnu/7.3.0 -L/usr/bin/../lib/gcc/x86_64-linux-gnu/7.3.0/../../../x86_64-linux-gnu -L/lib/x86_64-linux-gnu -L/lib/../lib64 -L/usr/lib/x86_64-linux-gnu -L/usr/bin/../lib/gcc/x86_64-linux-gnu/7.3.0/../../.. -L/usr/lib/llvm-7/bin/../lib -L/lib -L/usr/lib CMakeFiles/cmTC_39b59.dir/CMakeCXXCompilerABI.cpp.o -lstdc++ -lm -lgcc_s -lgcc -lc -lgcc_s -lgcc /usr/bin/../lib/gcc/x86_64-linux-gnu/7.3.0/crtend.o /usr/bin/../lib/gcc/x86_64-linux-gnu/7.3.0/../../../x86_64-linux-gnu/crtn.o]
    arg [/usr/bin/ld] ==> ignore
    arg [-export-dynamic] ==> ignore
    arg [-zrelro] ==> ignore
    arg [--hash-style=gnu] ==> ignore
    arg [--eh-frame-hdr] ==> ignore
    arg [-m] ==> ignore
    arg [elf_x86_64] ==> ignore
    arg [-export-dynamic] ==> ignore
    arg [-dynamic-linker] ==> ignore
    arg [/lib64/ld-linux-x86-64.so.2] ==> ignore
    arg [-o] ==> ignore
    arg [cmTC_39b59] ==> ignore
    arg [/usr/bin/../lib/gcc/x86_64-linux-gnu/7.3.0/../../../x86_64-linux-gnu/crt1.o] ==> ignore
    arg [/usr/bin/../lib/gcc/x86_64-linux-gnu/7.3.0/../../../x86_64-linux-gnu/crti.o] ==> ignore
    arg [/usr/bin/../lib/gcc/x86_64-linux-gnu/7.3.0/crtbegin.o] ==> ignore
    arg [-L/usr/bin/../lib/gcc/x86_64-linux-gnu/7.3.0] ==> dir [/usr/bin/../lib/gcc/x86_64-linux-gnu/7.3.0]
    arg [-L/usr/bin/../lib/gcc/x86_64-linux-gnu/7.3.0/../../../x86_64-linux-gnu] ==> dir [/usr/bin/../lib/gcc/x86_64-linux-gnu/7.3.0/../../../x86_64-linux-gnu]
    arg [-L/lib/x86_64-linux-gnu] ==> dir [/lib/x86_64-linux-gnu]
    arg [-L/lib/../lib64] ==> dir [/lib/../lib64]
    arg [-L/usr/lib/x86_64-linux-gnu] ==> dir [/usr/lib/x86_64-linux-gnu]
    arg [-L/usr/bin/../lib/gcc/x86_64-linux-gnu/7.3.0/../../..] ==> dir [/usr/bin/../lib/gcc/x86_64-linux-gnu/7.3.0/../../..]
    arg [-L/usr/lib/llvm-7/bin/../lib] ==> dir [/usr/lib/llvm-7/bin/../lib]
    arg [-L/lib] ==> dir [/lib]
    arg [-L/usr/lib] ==> dir [/usr/lib]
    arg [CMakeFiles/cmTC_39b59.dir/CMakeCXXCompilerABI.cpp.o] ==> ignore
    arg [-lstdc++] ==> lib [stdc++]
    arg [-lm] ==> lib [m]
    arg [-lgcc_s] ==> lib [gcc_s]
    arg [-lgcc] ==> lib [gcc]
    arg [-lc] ==> lib [c]
    arg [-lgcc_s] ==> lib [gcc_s]
    arg [-lgcc] ==> lib [gcc]
    arg [/usr/bin/../lib/gcc/x86_64-linux-gnu/7.3.0/crtend.o] ==> ignore
    arg [/usr/bin/../lib/gcc/x86_64-linux-gnu/7.3.0/../../../x86_64-linux-gnu/crtn.o] ==> ignore
  collapse library dir [/usr/bin/../lib/gcc/x86_64-linux-gnu/7.3.0] ==> [/usr/lib/gcc/x86_64-linux-gnu/7.3.0]
  collapse library dir [/usr/bin/../lib/gcc/x86_64-linux-gnu/7.3.0/../../../x86_64-linux-gnu] ==> [/usr/lib/x86_64-linux-gnu]
  collapse library dir [/lib/x86_64-linux-gnu] ==> [/lib/x86_64-linux-gnu]
  collapse library dir [/lib/../lib64] ==> [/lib64]
  collapse library dir [/usr/lib/x86_64-linux-gnu] ==> [/usr/lib/x86_64-linux-gnu]
  collapse library dir [/usr/bin/../lib/gcc/x86_64-linux-gnu/7.3.0/../../..] ==> [/usr/lib]
  collapse library dir [/usr/lib/llvm-7/bin/../lib] ==> [/usr/lib/llvm-7/lib]
  collapse library dir [/lib] ==> [/lib]
  collapse library dir [/usr/lib] ==> [/usr/lib]
  implicit libs: [stdc++;m;gcc_s;gcc;c;gcc_s;gcc]
  implicit dirs: [/usr/lib/gcc/x86_64-linux-gnu/7.3.0;/usr/lib/x86_64-linux-gnu;/lib/x86_64-linux-gnu;/lib64;/usr/lib;/usr/lib/llvm-7/lib;/lib]
  implicit fwks: []




Detecting CXX [-std=c++1z] compiler features compiled with the following output:
Change Dir: /aleth/build/deps/src/mpir-build/CMakeFiles/CMakeTmp

Run Build Command:"/usr/bin/make" "cmTC_419c3/fast"
make[3]: Entering directory '/aleth/build/deps/src/mpir-build/CMakeFiles/CMakeTmp'
/usr/bin/make -f CMakeFiles/cmTC_419c3.dir/build.make CMakeFiles/cmTC_419c3.dir/build
make[4]: Entering directory '/aleth/build/deps/src/mpir-build/CMakeFiles/CMakeTmp'
Building CXX object CMakeFiles/cmTC_419c3.dir/feature_tests.cxx.o
/usr/bin/clang++-7    -std=c++1z -o CMakeFiles/cmTC_419c3.dir/feature_tests.cxx.o -c /aleth/build/deps/src/mpir-build/CMakeFiles/feature_tests.cxx
Linking CXX executable cmTC_419c3
/usr/bin/cmake -E cmake_link_script CMakeFiles/cmTC_419c3.dir/link.txt --verbose=1
/usr/bin/clang++-7       -rdynamic CMakeFiles/cmTC_419c3.dir/feature_tests.cxx.o  -o cmTC_419c3 
make[4]: Leaving directory '/aleth/build/deps/src/mpir-build/CMakeFiles/CMakeTmp'
make[3]: Leaving directory '/aleth/build/deps/src/mpir-build/CMakeFiles/CMakeTmp'


    Feature record: CXX_FEATURE:1cxx_aggregate_default_initializers
    Feature record: CXX_FEATURE:1cxx_alias_templates
    Feature record: CXX_FEATURE:1cxx_alignas
    Feature record: CXX_FEATURE:1cxx_alignof
    Feature record: CXX_FEATURE:1cxx_attributes
    Feature record: CXX_FEATURE:1cxx_attribute_deprecated
    Feature record: CXX_FEATURE:1cxx_auto_type
    Feature record: CXX_FEATURE:1cxx_binary_literals
    Feature record: CXX_FEATURE:1cxx_constexpr
    Feature record: CXX_FEATURE:1cxx_contextual_conversions
    Feature record: CXX_FEATURE:1cxx_decltype
    Feature record: CXX_FEATURE:1cxx_decltype_auto
    Feature record: CXX_FEATURE:1cxx_decltype_incomplete_return_types
    Feature record: CXX_FEATURE:1cxx_default_function_template_args
    Feature record: CXX_FEATURE:1cxx_defaulted_functions
    Feature record: CXX_FEATURE:1cxx_defaulted_move_initializers
    Feature record: CXX_FEATURE:1cxx_delegating_constructors
    Feature record: CXX_FEATURE:1cxx_deleted_functions
    Feature record: CXX_FEATURE:1cxx_digit_separators
    Feature record: CXX_FEATURE:1cxx_enum_forward_declarations
    Feature record: CXX_FEATURE:1cxx_explicit_conversions
    Feature record: CXX_FEATURE:1cxx_extended_friend_declarations
    Feature record: CXX_FEATURE:1cxx_extern_templates
    Feature record: CXX_FEATURE:1cxx_final
    Feature record: CXX_FEATURE:1cxx_func_identifier
    Feature record: CXX_FEATURE:1cxx_generalized_initializers
    Feature record: CXX_FEATURE:1cxx_generic_lambdas
    Feature record: CXX_FEATURE:1cxx_inheriting_constructors
    Feature record: CXX_FEATURE:1cxx_inline_namespaces
    Feature record: CXX_FEATURE:1cxx_lambdas
    Feature record: CXX_FEATURE:1cxx_lambda_init_captures
    Feature record: CXX_FEATURE:1cxx_local_type_template_args
    Feature record: CXX_FEATURE:1cxx_long_long_type
    Feature record: CXX_FEATURE:1cxx_noexcept
    Feature record: CXX_FEATURE:1cxx_nonstatic_member_init
    Feature record: CXX_FEATURE:1cxx_nullptr
    Feature record: CXX_FEATURE:1cxx_override
    Feature record: CXX_FEATURE:1cxx_range_for
    Feature record: CXX_FEATURE:1cxx_raw_string_literals
    Feature record: CXX_FEATURE:1cxx_reference_qualified_functions
    Feature record: CXX_FEATURE:1cxx_relaxed_constexpr
    Feature record: CXX_FEATURE:1cxx_return_type_deduction
    Feature record: CXX_FEATURE:1cxx_right_angle_brackets
    Feature record: CXX_FEATURE:1cxx_rvalue_references
    Feature record: CXX_FEATURE:1cxx_sizeof_member
    Feature record: CXX_FEATURE:1cxx_static_assert
    Feature record: CXX_FEATURE:1cxx_strong_enums
    Feature record: CXX_FEATURE:1cxx_template_template_parameters
    Feature record: CXX_FEATURE:1cxx_thread_local
    Feature record: CXX_FEATURE:1cxx_trailing_return_types
    Feature record: CXX_FEATURE:1cxx_unicode_literals
    Feature record: CXX_FEATURE:1cxx_uniform_initialization
    Feature record: CXX_FEATURE:1cxx_unrestricted_unions
    Feature record: CXX_FEATURE:1cxx_user_literals
    Feature record: CXX_FEATURE:1cxx_variable_templates
    Feature record: CXX_FEATURE:1cxx_variadic_macros
    Feature record: CXX_FEATURE:1cxx_variadic_templates


Detecting CXX [-std=c++14] compiler features compiled with the following output:
Change Dir: /aleth/build/deps/src/mpir-build/CMakeFiles/CMakeTmp

Run Build Command:"/usr/bin/make" "cmTC_dc801/fast"
make[3]: Entering directory '/aleth/build/deps/src/mpir-build/CMakeFiles/CMakeTmp'
/usr/bin/make -f CMakeFiles/cmTC_dc801.dir/build.make CMakeFiles/cmTC_dc801.dir/build
make[4]: Entering directory '/aleth/build/deps/src/mpir-build/CMakeFiles/CMakeTmp'
Building CXX object CMakeFiles/cmTC_dc801.dir/feature_tests.cxx.o
/usr/bin/clang++-7    -std=c++14 -o CMakeFiles/cmTC_dc801.dir/feature_tests.cxx.o -c /aleth/build/deps/src/mpir-build/CMakeFiles/feature_tests.cxx
Linking CXX executable cmTC_dc801
/usr/bin/cmake -E cmake_link_script CMakeFiles/cmTC_dc801.dir/link.txt --verbose=1
/usr/bin/clang++-7       -rdynamic CMakeFiles/cmTC_dc801.dir/feature_tests.cxx.o  -o cmTC_dc801 
make[4]: Leaving directory '/aleth/build/deps/src/mpir-build/CMakeFiles/CMakeTmp'
make[3]: Leaving directory '/aleth/build/deps/src/mpir-build/CMakeFiles/CMakeTmp'


    Feature record: CXX_FEATURE:1cxx_aggregate_default_initializers
    Feature record: CXX_FEATURE:1cxx_alias_templates
    Feature record: CXX_FEATURE:1cxx_alignas
    Feature record: CXX_FEATURE:1cxx_alignof
    Feature record: CXX_FEATURE:1cxx_attributes
    Feature record: CXX_FEATURE:1cxx_attribute_deprecated
    Feature record: CXX_FEATURE:1cxx_auto_type
    Feature record: CXX_FEATURE:1cxx_binary_literals
    Feature record: CXX_FEATURE:1cxx_constexpr
    Feature record: CXX_FEATURE:1cxx_contextual_conversions
    Feature record: CXX_FEATURE:1cxx_decltype
    Feature record: CXX_FEATURE:1cxx_decltype_auto
    Feature record: CXX_FEATURE:1cxx_decltype_incomplete_return_types
    Feature record: CXX_FEATURE:1cxx_default_function_template_args
    Feature record: CXX_FEATURE:1cxx_defaulted_functions
    Feature record: CXX_FEATURE:1cxx_defaulted_move_initializers
    Feature record: CXX_FEATURE:1cxx_delegating_constructors
    Feature record: CXX_FEATURE:1cxx_deleted_functions
    Feature record: CXX_FEATURE:1cxx_digit_separators
    Feature record: CXX_FEATURE:1cxx_enum_forward_declarations
    Feature record: CXX_FEATURE:1cxx_explicit_conversions
    Feature record: CXX_FEATURE:1cxx_extended_friend_declarations
    Feature record: CXX_FEATURE:1cxx_extern_templates
    Feature record: CXX_FEATURE:1cxx_final
    Feature record: CXX_FEATURE:1cxx_func_identifier
    Feature record: CXX_FEATURE:1cxx_generalized_initializers
    Feature record: CXX_FEATURE:1cxx_generic_lambdas
    Feature record: CXX_FEATURE:1cxx_inheriting_constructors
    Feature record: CXX_FEATURE:1cxx_inline_namespaces
    Feature record: CXX_FEATURE:1cxx_lambdas
    Feature record: CXX_FEATURE:1cxx_lambda_init_captures
    Feature record: CXX_FEATURE:1cxx_local_type_template_args
    Feature record: CXX_FEATURE:1cxx_long_long_type
    Feature record: CXX_FEATURE:1cxx_noexcept
    Feature record: CXX_FEATURE:1cxx_nonstatic_member_init
    Feature record: CXX_FEATURE:1cxx_nullptr
    Feature record: CXX_FEATURE:1cxx_override
    Feature record: CXX_FEATURE:1cxx_range_for
    Feature record: CXX_FEATURE:1cxx_raw_string_literals
    Feature record: CXX_FEATURE:1cxx_reference_qualified_functions
    Feature record: CXX_FEATURE:1cxx_relaxed_constexpr
    Feature record: CXX_FEATURE:1cxx_return_type_deduction
    Feature record: CXX_FEATURE:1cxx_right_angle_brackets
    Feature record: CXX_FEATURE:1cxx_rvalue_references
    Feature record: CXX_FEATURE:1cxx_sizeof_member
    Feature record: CXX_FEATURE:1cxx_static_assert
    Feature record: CXX_FEATURE:1cxx_strong_enums
    Feature record: CXX_FEATURE:1cxx_template_template_parameters
    Feature record: CXX_FEATURE:1cxx_thread_local
    Feature record: CXX_FEATURE:1cxx_trailing_return_types
    Feature record: CXX_FEATURE:1cxx_unicode_literals
    Feature record: CXX_FEATURE:1cxx_uniform_initialization
    Feature record: CXX_FEATURE:1cxx_unrestricted_unions
    Feature record: CXX_FEATURE:1cxx_user_literals
    Feature record: CXX_FEATURE:1cxx_variable_templates
    Feature record: CXX_FEATURE:1cxx_variadic_macros
    Feature record: CXX_FEATURE:1cxx_variadic_templates


Detecting CXX [-std=c++11] compiler features compiled with the following output:
Change Dir: /aleth/build/deps/src/mpir-build/CMakeFiles/CMakeTmp

Run Build Command:"/usr/bin/make" "cmTC_d3a96/fast"
make[3]: Entering directory '/aleth/build/deps/src/mpir-build/CMakeFiles/CMakeTmp'
/usr/bin/make -f CMakeFiles/cmTC_d3a96.dir/build.make CMakeFiles/cmTC_d3a96.dir/build
make[4]: Entering directory '/aleth/build/deps/src/mpir-build/CMakeFiles/CMakeTmp'
Building CXX object CMakeFiles/cmTC_d3a96.dir/feature_tests.cxx.o
/usr/bin/clang++-7    -std=c++11 -o CMakeFiles/cmTC_d3a96.dir/feature_tests.cxx.o -c /aleth/build/deps/src/mpir-build/CMakeFiles/feature_tests.cxx
Linking CXX executable cmTC_d3a96
/usr/bin/cmake -E cmake_link_script CMakeFiles/cmTC_d3a96.dir/link.txt --verbose=1
/usr/bin/clang++-7       -rdynamic CMakeFiles/cmTC_d3a96.dir/feature_tests.cxx.o  -o cmTC_d3a96 
make[4]: Leaving directory '/aleth/build/deps/src/mpir-build/CMakeFiles/CMakeTmp'
make[3]: Leaving directory '/aleth/build/deps/src/mpir-build/CMakeFiles/CMakeTmp'


    Feature record: CXX_FEATURE:0cxx_aggregate_default_initializers
    Feature record: CXX_FEATURE:1cxx_alias_templates
    Feature record: CXX_FEATURE:1cxx_alignas
    Feature record: CXX_FEATURE:1cxx_alignof
    Feature record: CXX_FEATURE:1cxx_attributes
    Feature record: CXX_FEATURE:0cxx_attribute_deprecated
    Feature record: CXX_FEATURE:1cxx_auto_type
    Feature record: CXX_FEATURE:0cxx_binary_literals
    Feature record: CXX_FEATURE:1cxx_constexpr
    Feature record: CXX_FEATURE:0cxx_contextual_conversions
    Feature record: CXX_FEATURE:1cxx_decltype
    Feature record: CXX_FEATURE:0cxx_decltype_auto
    Feature record: CXX_FEATURE:1cxx_decltype_incomplete_return_types
    Feature record: CXX_FEATURE:1cxx_default_function_template_args
    Feature record: CXX_FEATURE:1cxx_defaulted_functions
    Feature record: CXX_FEATURE:1cxx_defaulted_move_initializers
    Feature record: CXX_FEATURE:1cxx_delegating_constructors
    Feature record: CXX_FEATURE:1cxx_deleted_functions
    Feature record: CXX_FEATURE:0cxx_digit_separators
    Feature record: CXX_FEATURE:1cxx_enum_forward_declarations
    Feature record: CXX_FEATURE:1cxx_explicit_conversions
    Feature record: CXX_FEATURE:1cxx_extended_friend_declarations
    Feature record: CXX_FEATURE:1cxx_extern_templates
    Feature record: CXX_FEATURE:1cxx_final
    Feature record: CXX_FEATURE:1cxx_func_identifier
    Feature record: CXX_FEATURE:1cxx_generalized_initializers
    Feature record: CXX_FEATURE:0cxx_generic_lambdas
    Feature record: CXX_FEATURE:1cxx_inheriting_constructors
    Feature record: CXX_FEATURE:1cxx_inline_namespaces
    Feature record: CXX_FEATURE:1cxx_lambdas
    Feature record: CXX_FEATURE:0cxx_lambda_init_captures
    Feature record: CXX_FEATURE:1cxx_local_type_template_args
    Feature record: CXX_FEATURE:1cxx_long_long_type
    Feature record: CXX_FEATURE:1cxx_noexcept
    Feature record: CXX_FEATURE:1cxx_nonstatic_member_init
    Feature record: CXX_FEATURE:1cxx_nullptr
    Feature record: CXX_FEATURE:1cxx_override
    Feature record: CXX_FEATURE:1cxx_range_for
    Feature record: CXX_FEATURE:1cxx_raw_string_literals
    Feature record: CXX_FEATURE:1cxx_reference_qualified_functions
    Feature record: CXX_FEATURE:0cxx_relaxed_constexpr
    Feature record: CXX_FEATURE:0cxx_return_type_deduction
    Feature record: CXX_FEATURE:1cxx_right_angle_brackets
    Feature record: CXX_FEATURE:1cxx_rvalue_references
    Feature record: CXX_FEATURE:1cxx_sizeof_member
    Feature record: CXX_FEATURE:1cxx_static_assert
    Feature record: CXX_FEATURE:1cxx_strong_enums
    Feature record: CXX_FEATURE:1cxx_template_template_parameters
    Feature record: CXX_FEATURE:1cxx_thread_local
    Feature record: CXX_FEATURE:1cxx_trailing_return_types
    Feature record: CXX_FEATURE:1cxx_unicode_literals
    Feature record: CXX_FEATURE:1cxx_uniform_initialization
    Feature record: CXX_FEATURE:1cxx_unrestricted_unions
    Feature record: CXX_FEATURE:1cxx_user_literals
    Feature record: CXX_FEATURE:0cxx_variable_templates
    Feature record: CXX_FEATURE:1cxx_variadic_macros
    Feature record: CXX_FEATURE:1cxx_variadic_templates


Detecting CXX [-std=c++98] compiler features compiled with the following output:
Change Dir: /aleth/build/deps/src/mpir-build/CMakeFiles/CMakeTmp

Run Build Command:"/usr/bin/make" "cmTC_24bbe/fast"
make[3]: Entering directory '/aleth/build/deps/src/mpir-build/CMakeFiles/CMakeTmp'
/usr/bin/make -f CMakeFiles/cmTC_24bbe.dir/build.make CMakeFiles/cmTC_24bbe.dir/build
make[4]: Entering directory '/aleth/build/deps/src/mpir-build/CMakeFiles/CMakeTmp'
Building CXX object CMakeFiles/cmTC_24bbe.dir/feature_tests.cxx.o
/usr/bin/clang++-7    -std=c++98 -o CMakeFiles/cmTC_24bbe.dir/feature_tests.cxx.o -c /aleth/build/deps/src/mpir-build/CMakeFiles/feature_tests.cxx
Linking CXX executable cmTC_24bbe
/usr/bin/cmake -E cmake_link_script CMakeFiles/cmTC_24bbe.dir/link.txt --verbose=1
/usr/bin/clang++-7       -rdynamic CMakeFiles/cmTC_24bbe.dir/feature_tests.cxx.o  -o cmTC_24bbe 
make[4]: Leaving directory '/aleth/build/deps/src/mpir-build/CMakeFiles/CMakeTmp'
make[3]: Leaving directory '/aleth/build/deps/src/mpir-build/CMakeFiles/CMakeTmp'


    Feature record: CXX_FEATURE:0cxx_aggregate_default_initializers
    Feature record: CXX_FEATURE:0cxx_alias_templates
    Feature record: CXX_FEATURE:0cxx_alignas
    Feature record: CXX_FEATURE:0cxx_alignof
    Feature record: CXX_FEATURE:0cxx_attributes
    Feature record: CXX_FEATURE:0cxx_attribute_deprecated
    Feature record: CXX_FEATURE:0cxx_auto_type
    Feature record: CXX_FEATURE:0cxx_binary_literals
    Feature record: CXX_FEATURE:0cxx_constexpr
    Feature record: CXX_FEATURE:0cxx_contextual_conversions
    Feature record: CXX_FEATURE:0cxx_decltype
    Feature record: CXX_FEATURE:0cxx_decltype_auto
    Feature record: CXX_FEATURE:0cxx_decltype_incomplete_return_types
    Feature record: CXX_FEATURE:0cxx_default_function_template_args
    Feature record: CXX_FEATURE:0cxx_defaulted_functions
    Feature record: CXX_FEATURE:0cxx_defaulted_move_initializers
    Feature record: CXX_FEATURE:0cxx_delegating_constructors
    Feature record: CXX_FEATURE:0cxx_deleted_functions
    Feature record: CXX_FEATURE:0cxx_digit_separators
    Feature record: CXX_FEATURE:0cxx_enum_forward_declarations
    Feature record: CXX_FEATURE:0cxx_explicit_conversions
    Feature record: CXX_FEATURE:0cxx_extended_friend_declarations
    Feature record: CXX_FEATURE:0cxx_extern_templates
    Feature record: CXX_FEATURE:0cxx_final
    Feature record: CXX_FEATURE:0cxx_func_identifier
    Feature record: CXX_FEATURE:0cxx_generalized_initializers
    Feature record: CXX_FEATURE:0cxx_generic_lambdas
    Feature record: CXX_FEATURE:0cxx_inheriting_constructors
    Feature record: CXX_FEATURE:0cxx_inline_namespaces
    Feature record: CXX_FEATURE:0cxx_lambdas
    Feature record: CXX_FEATURE:0cxx_lambda_init_captures
    Feature record: CXX_FEATURE:0cxx_local_type_template_args
    Feature record: CXX_FEATURE:0cxx_long_long_type
    Feature record: CXX_FEATURE:0cxx_noexcept
    Feature record: CXX_FEATURE:0cxx_nonstatic_member_init
    Feature record: CXX_FEATURE:0cxx_nullptr
    Feature record: CXX_FEATURE:0cxx_override
    Feature record: CXX_FEATURE:0cxx_range_for
    Feature record: CXX_FEATURE:0cxx_raw_string_literals
    Feature record: CXX_FEATURE:0cxx_reference_qualified_functions
    Feature record: CXX_FEATURE:0cxx_relaxed_constexpr
    Feature record: CXX_FEATURE:0cxx_return_type_deduction
    Feature record: CXX_FEATURE:0cxx_right_angle_brackets
    Feature record: CXX_FEATURE:0cxx_rvalue_references
    Feature record: CXX_FEATURE:0cxx_sizeof_member
    Feature record: CXX_FEATURE:0cxx_static_assert
    Feature record: CXX_FEATURE:0cxx_strong_enums
    Feature record: CXX_FEATURE:1cxx_template_template_parameters
    Feature record: CXX_FEATURE:0cxx_thread_local
    Feature record: CXX_FEATURE:0cxx_trailing_return_types
    Feature record: CXX_FEATURE:0cxx_unicode_literals
    Feature record: CXX_FEATURE:0cxx_uniform_initialization
    Feature record: CXX_FEATURE:0cxx_unrestricted_unions
    Feature record: CXX_FEATURE:0cxx_user_literals
    Feature record: CXX_FEATURE:0cxx_variable_templates
    Feature record: CXX_FEATURE:0cxx_variadic_macros
    Feature record: CXX_FEATURE:0cxx_variadic_templates
Determining if the include file sys/types.h exists passed with the following output:
Change Dir: /aleth/build/deps/src/mpir-build/CMakeFiles/CMakeTmp

Run Build Command:"/usr/bin/make" "cmTC_cf56c/fast"
make[3]: Entering directory '/aleth/build/deps/src/mpir-build/CMakeFiles/CMakeTmp'
/usr/bin/make -f CMakeFiles/cmTC_cf56c.dir/build.make CMakeFiles/cmTC_cf56c.dir/build
make[4]: Entering directory '/aleth/build/deps/src/mpir-build/CMakeFiles/CMakeTmp'
Building C object CMakeFiles/cmTC_cf56c.dir/CheckIncludeFile.c.o
/usr/bin/clang-7 -D__GMP_WITHIN_CONFIGURE=1 -I/aleth/build/deps/src/mpir   -o CMakeFiles/cmTC_cf56c.dir/CheckIncludeFile.c.o   -c /aleth/build/deps/src/mpir-build/CMakeFiles/CMakeTmp/CheckIncludeFile.c
Linking C executable cmTC_cf56c
/usr/bin/cmake -E cmake_link_script CMakeFiles/cmTC_cf56c.dir/link.txt --verbose=1
/usr/bin/clang-7      -rdynamic CMakeFiles/cmTC_cf56c.dir/CheckIncludeFile.c.o  -o cmTC_cf56c 
make[4]: Leaving directory '/aleth/build/deps/src/mpir-build/CMakeFiles/CMakeTmp'
make[3]: Leaving directory '/aleth/build/deps/src/mpir-build/CMakeFiles/CMakeTmp'


Determining if the include file stdint.h exists passed with the following output:
Change Dir: /aleth/build/deps/src/mpir-build/CMakeFiles/CMakeTmp

Run Build Command:"/usr/bin/make" "cmTC_7a117/fast"
make[3]: Entering directory '/aleth/build/deps/src/mpir-build/CMakeFiles/CMakeTmp'
/usr/bin/make -f CMakeFiles/cmTC_7a117.dir/build.make CMakeFiles/cmTC_7a117.dir/build
make[4]: Entering directory '/aleth/build/deps/src/mpir-build/CMakeFiles/CMakeTmp'
Building C object CMakeFiles/cmTC_7a117.dir/CheckIncludeFile.c.o
/usr/bin/clang-7 -D__GMP_WITHIN_CONFIGURE=1 -I/aleth/build/deps/src/mpir   -o CMakeFiles/cmTC_7a117.dir/CheckIncludeFile.c.o   -c /aleth/build/deps/src/mpir-build/CMakeFiles/CMakeTmp/CheckIncludeFile.c
Linking C executable cmTC_7a117
/usr/bin/cmake -E cmake_link_script CMakeFiles/cmTC_7a117.dir/link.txt --verbose=1
/usr/bin/clang-7      -rdynamic CMakeFiles/cmTC_7a117.dir/CheckIncludeFile.c.o  -o cmTC_7a117 
make[4]: Leaving directory '/aleth/build/deps/src/mpir-build/CMakeFiles/CMakeTmp'
make[3]: Leaving directory '/aleth/build/deps/src/mpir-build/CMakeFiles/CMakeTmp'


Determining if the include file stddef.h exists passed with the following output:
Change Dir: /aleth/build/deps/src/mpir-build/CMakeFiles/CMakeTmp

Run Build Command:"/usr/bin/make" "cmTC_c2562/fast"
make[3]: Entering directory '/aleth/build/deps/src/mpir-build/CMakeFiles/CMakeTmp'
/usr/bin/make -f CMakeFiles/cmTC_c2562.dir/build.make CMakeFiles/cmTC_c2562.dir/build
make[4]: Entering directory '/aleth/build/deps/src/mpir-build/CMakeFiles/CMakeTmp'
Building C object CMakeFiles/cmTC_c2562.dir/CheckIncludeFile.c.o
/usr/bin/clang-7 -D__GMP_WITHIN_CONFIGURE=1 -I/aleth/build/deps/src/mpir   -o CMakeFiles/cmTC_c2562.dir/CheckIncludeFile.c.o   -c /aleth/build/deps/src/mpir-build/CMakeFiles/CMakeTmp/CheckIncludeFile.c
Linking C executable cmTC_c2562
/usr/bin/cmake -E cmake_link_script CMakeFiles/cmTC_c2562.dir/link.txt --verbose=1
/usr/bin/clang-7      -rdynamic CMakeFiles/cmTC_c2562.dir/CheckIncludeFile.c.o  -o cmTC_c2562 
make[4]: Leaving directory '/aleth/build/deps/src/mpir-build/CMakeFiles/CMakeTmp'
make[3]: Leaving directory '/aleth/build/deps/src/mpir-build/CMakeFiles/CMakeTmp'


Determining size of unsigned long passed with the following output:
Change Dir: /aleth/build/deps/src/mpir-build/CMakeFiles/CMakeTmp

Run Build Command:"/usr/bin/make" "cmTC_73e8a/fast"
make[3]: Entering directory '/aleth/build/deps/src/mpir-build/CMakeFiles/CMakeTmp'
/usr/bin/make -f CMakeFiles/cmTC_73e8a.dir/build.make CMakeFiles/cmTC_73e8a.dir/build
make[4]: Entering directory '/aleth/build/deps/src/mpir-build/CMakeFiles/CMakeTmp'
Building C object CMakeFiles/cmTC_73e8a.dir/SIZEOF_UNSIGNED_LONG.c.o
/usr/bin/clang-7 -D__GMP_WITHIN_CONFIGURE=1 -I/aleth/build/deps/src/mpir   -o CMakeFiles/cmTC_73e8a.dir/SIZEOF_UNSIGNED_LONG.c.o   -c /aleth/build/deps/src/mpir-build/CMakeFiles/CheckTypeSize/SIZEOF_UNSIGNED_LONG.c
Linking C executable cmTC_73e8a
/usr/bin/cmake -E cmake_link_script CMakeFiles/cmTC_73e8a.dir/link.txt --verbose=1
/usr/bin/clang-7      -rdynamic CMakeFiles/cmTC_73e8a.dir/SIZEOF_UNSIGNED_LONG.c.o  -o cmTC_73e8a 
make[4]: Leaving directory '/aleth/build/deps/src/mpir-build/CMakeFiles/CMakeTmp'
make[3]: Leaving directory '/aleth/build/deps/src/mpir-build/CMakeFiles/CMakeTmp'


Determining size of mp_limb_t passed with the following output:
Change Dir: /aleth/build/deps/src/mpir-build/CMakeFiles/CMakeTmp

Run Build Command:"/usr/bin/make" "cmTC_3713f/fast"
make[3]: Entering directory '/aleth/build/deps/src/mpir-build/CMakeFiles/CMakeTmp'
/usr/bin/make -f CMakeFiles/cmTC_3713f.dir/build.make CMakeFiles/cmTC_3713f.dir/build
make[4]: Entering directory '/aleth/build/deps/src/mpir-build/CMakeFiles/CMakeTmp'
Building C object CMakeFiles/cmTC_3713f.dir/SIZEOF_MP_LIMB_T.c.o
/usr/bin/clang-7 -D__GMP_WITHIN_CONFIGURE=1 -I/aleth/build/deps/src/mpir   -o CMakeFiles/cmTC_3713f.dir/SIZEOF_MP_LIMB_T.c.o   -c /aleth/build/deps/src/mpir-build/CMakeFiles/CheckTypeSize/SIZEOF_MP_LIMB_T.c
Linking C executable cmTC_3713f
/usr/bin/cmake -E cmake_link_script CMakeFiles/cmTC_3713f.dir/link.txt --verbose=1
/usr/bin/clang-7      -rdynamic CMakeFiles/cmTC_3713f.dir/SIZEOF_MP_LIMB_T.c.o  -o cmTC_3713f 
make[4]: Leaving directory '/aleth/build/deps/src/mpir-build/CMakeFiles/CMakeTmp'
make[3]: Leaving directory '/aleth/build/deps/src/mpir-build/CMakeFiles/CMakeTmp'


Determining size of intmax_t passed with the following output:
Change Dir: /aleth/build/deps/src/mpir-build/CMakeFiles/CMakeTmp

Run Build Command:"/usr/bin/make" "cmTC_b56a8/fast"
make[3]: Entering directory '/aleth/build/deps/src/mpir-build/CMakeFiles/CMakeTmp'
/usr/bin/make -f CMakeFiles/cmTC_b56a8.dir/build.make CMakeFiles/cmTC_b56a8.dir/build
make[4]: Entering directory '/aleth/build/deps/src/mpir-build/CMakeFiles/CMakeTmp'
Building C object CMakeFiles/cmTC_b56a8.dir/SIZEOF_INTMAX_T.c.o
/usr/bin/clang-7 -D__GMP_WITHIN_CONFIGURE=1 -I/aleth/build/deps/src/mpir   -o CMakeFiles/cmTC_b56a8.dir/SIZEOF_INTMAX_T.c.o   -c /aleth/build/deps/src/mpir-build/CMakeFiles/CheckTypeSize/SIZEOF_INTMAX_T.c
Linking C executable cmTC_b56a8
/usr/bin/cmake -E cmake_link_script CMakeFiles/cmTC_b56a8.dir/link.txt --verbose=1
/usr/bin/clang-7      -rdynamic CMakeFiles/cmTC_b56a8.dir/SIZEOF_INTMAX_T.c.o  -o cmTC_b56a8 
make[4]: Leaving directory '/aleth/build/deps/src/mpir-build/CMakeFiles/CMakeTmp'
make[3]: Leaving directory '/aleth/build/deps/src/mpir-build/CMakeFiles/CMakeTmp'


Determining if the strnlen exist passed with the following output:
Change Dir: /aleth/build/deps/src/mpir-build/CMakeFiles/CMakeTmp

Run Build Command:"/usr/bin/make" "cmTC_72ea7/fast"
make[3]: Entering directory '/aleth/build/deps/src/mpir-build/CMakeFiles/CMakeTmp'
/usr/bin/make -f CMakeFiles/cmTC_72ea7.dir/build.make CMakeFiles/cmTC_72ea7.dir/build
make[4]: Entering directory '/aleth/build/deps/src/mpir-build/CMakeFiles/CMakeTmp'
Building C object CMakeFiles/cmTC_72ea7.dir/CheckSymbolExists.c.o
/usr/bin/clang-7 -D__GMP_WITHIN_CONFIGURE=1 -I/aleth/build/deps/src/mpir   -o CMakeFiles/cmTC_72ea7.dir/CheckSymbolExists.c.o   -c /aleth/build/deps/src/mpir-build/CMakeFiles/CMakeTmp/CheckSymbolExists.c
Linking C executable cmTC_72ea7
/usr/bin/cmake -E cmake_link_script CMakeFiles/cmTC_72ea7.dir/link.txt --verbose=1
/usr/bin/clang-7      -rdynamic CMakeFiles/cmTC_72ea7.dir/CheckSymbolExists.c.o  -o cmTC_72ea7 
make[4]: Leaving directory '/aleth/build/deps/src/mpir-build/CMakeFiles/CMakeTmp'
make[3]: Leaving directory '/aleth/build/deps/src/mpir-build/CMakeFiles/CMakeTmp'

File /aleth/build/deps/src/mpir-build/CMakeFiles/CMakeTmp/CheckSymbolExists.c:
/* */
#include <string.h>

int main(int argc, char** argv)
{
  (void)argv;
#ifndef strnlen
  return ((int*)(&strnlen))[argc];
#else
  (void)argc;
  return 0;
#endif
}

Determining if the strchr exist passed with the following output:
Change Dir: /aleth/build/deps/src/mpir-build/CMakeFiles/CMakeTmp

Run Build Command:"/usr/bin/make" "cmTC_c4fda/fast"
make[3]: Entering directory '/aleth/build/deps/src/mpir-build/CMakeFiles/CMakeTmp'
/usr/bin/make -f CMakeFiles/cmTC_c4fda.dir/build.make CMakeFiles/cmTC_c4fda.dir/build
make[4]: Entering directory '/aleth/build/deps/src/mpir-build/CMakeFiles/CMakeTmp'
Building C object CMakeFiles/cmTC_c4fda.dir/CheckSymbolExists.c.o
/usr/bin/clang-7 -D__GMP_WITHIN_CONFIGURE=1 -I/aleth/build/deps/src/mpir   -o CMakeFiles/cmTC_c4fda.dir/CheckSymbolExists.c.o   -c /aleth/build/deps/src/mpir-build/CMakeFiles/CMakeTmp/CheckSymbolExists.c
Linking C executable cmTC_c4fda
/usr/bin/cmake -E cmake_link_script CMakeFiles/cmTC_c4fda.dir/link.txt --verbose=1
/usr/bin/clang-7      -rdynamic CMakeFiles/cmTC_c4fda.dir/CheckSymbolExists.c.o  -o cmTC_c4fda 
make[4]: Leaving directory '/aleth/build/deps/src/mpir-build/CMakeFiles/CMakeTmp'
make[3]: Leaving directory '/aleth/build/deps/src/mpir-build/CMakeFiles/CMakeTmp'

File /aleth/build/deps/src/mpir-build/CMakeFiles/CMakeTmp/CheckSymbolExists.c:
/* */
#include <string.h>

int main(int argc, char** argv)
{
  (void)argv;
#ifndef strchr
  return ((int*)(&strchr))[argc];
#else
  (void)argc;
  return 0;
#endif
}

Determining if the include file inttypes.h exists passed with the following output:
Change Dir: /aleth/build/deps/src/mpir-build/CMakeFiles/CMakeTmp

Run Build Command:"/usr/bin/make" "cmTC_c1417/fast"
make[3]: Entering directory '/aleth/build/deps/src/mpir-build/CMakeFiles/CMakeTmp'
/usr/bin/make -f CMakeFiles/cmTC_c1417.dir/build.make CMakeFiles/cmTC_c1417.dir/build
make[4]: Entering directory '/aleth/build/deps/src/mpir-build/CMakeFiles/CMakeTmp'
Building C object CMakeFiles/cmTC_c1417.dir/CheckIncludeFile.c.o
/usr/bin/clang-7 -D__GMP_WITHIN_CONFIGURE=1 -I/aleth/build/deps/src/mpir   -o CMakeFiles/cmTC_c1417.dir/CheckIncludeFile.c.o   -c /aleth/build/deps/src/mpir-build/CMakeFiles/CMakeTmp/CheckIncludeFile.c
Linking C executable cmTC_c1417
/usr/bin/cmake -E cmake_link_script CMakeFiles/cmTC_c1417.dir/link.txt --verbose=1
/usr/bin/clang-7      -rdynamic CMakeFiles/cmTC_c1417.dir/CheckIncludeFile.c.o  -o cmTC_c1417 
make[4]: Leaving directory '/aleth/build/deps/src/mpir-build/CMakeFiles/CMakeTmp'
make[3]: Leaving directory '/aleth/build/deps/src/mpir-build/CMakeFiles/CMakeTmp'


Determining if the include file unistd.h exists passed with the following output:
Change Dir: /aleth/build/deps/src/mpir-build/CMakeFiles/CMakeTmp

Run Build Command:"/usr/bin/make" "cmTC_b93a0/fast"
make[3]: Entering directory '/aleth/build/deps/src/mpir-build/CMakeFiles/CMakeTmp'
/usr/bin/make -f CMakeFiles/cmTC_b93a0.dir/build.make CMakeFiles/cmTC_b93a0.dir/build
make[4]: Entering directory '/aleth/build/deps/src/mpir-build/CMakeFiles/CMakeTmp'
Building C object CMakeFiles/cmTC_b93a0.dir/CheckIncludeFile.c.o
/usr/bin/clang-7 -D__GMP_WITHIN_CONFIGURE=1 -I/aleth/build/deps/src/mpir   -o CMakeFiles/cmTC_b93a0.dir/CheckIncludeFile.c.o   -c /aleth/build/deps/src/mpir-build/CMakeFiles/CMakeTmp/CheckIncludeFile.c
Linking C executable cmTC_b93a0
/usr/bin/cmake -E cmake_link_script CMakeFiles/cmTC_b93a0.dir/link.txt --verbose=1
/usr/bin/clang-7      -rdynamic CMakeFiles/cmTC_b93a0.dir/CheckIncludeFile.c.o  -o cmTC_b93a0 
make[4]: Leaving directory '/aleth/build/deps/src/mpir-build/CMakeFiles/CMakeTmp'
make[3]: Leaving directory '/aleth/build/deps/src/mpir-build/CMakeFiles/CMakeTmp'


Determining if the include file stdarg.h exists passed with the following output:
Change Dir: /aleth/build/deps/src/mpir-build/CMakeFiles/CMakeTmp

Run Build Command:"/usr/bin/make" "cmTC_61dca/fast"
make[3]: Entering directory '/aleth/build/deps/src/mpir-build/CMakeFiles/CMakeTmp'
/usr/bin/make -f CMakeFiles/cmTC_61dca.dir/build.make CMakeFiles/cmTC_61dca.dir/build
make[4]: Entering directory '/aleth/build/deps/src/mpir-build/CMakeFiles/CMakeTmp'
Building C object CMakeFiles/cmTC_61dca.dir/CheckIncludeFile.c.o
/usr/bin/clang-7 -D__GMP_WITHIN_CONFIGURE=1 -I/aleth/build/deps/src/mpir   -o CMakeFiles/cmTC_61dca.dir/CheckIncludeFile.c.o   -c /aleth/build/deps/src/mpir-build/CMakeFiles/CMakeTmp/CheckIncludeFile.c
Linking C executable cmTC_61dca
/usr/bin/cmake -E cmake_link_script CMakeFiles/cmTC_61dca.dir/link.txt --verbose=1
/usr/bin/clang-7      -rdynamic CMakeFiles/cmTC_61dca.dir/CheckIncludeFile.c.o  -o cmTC_61dca 
make[4]: Leaving directory '/aleth/build/deps/src/mpir-build/CMakeFiles/CMakeTmp'
make[3]: Leaving directory '/aleth/build/deps/src/mpir-build/CMakeFiles/CMakeTmp'


