In file included from /aleth/build/deps/src/libff/libff/algebra/curves/alt_bn128/alt_bn128_g1.cpp:8:
In file included from /aleth/build/deps/src/libff/libff/../libff/algebra/curves/alt_bn128/alt_bn128_g1.hpp:12:
In file included from /aleth/build/deps/src/libff/libff/../libff/algebra/curves/alt_bn128/alt_bn128_init.hpp:11:
In file included from /aleth/build/deps/src/libff/libff/../libff/algebra/fields/fp.hpp:13:
In file included from /aleth/build/deps/src/libff/libff/../libff/algebra/exponentiation/exponentiation.hpp:17:
In file included from /aleth/build/deps/src/libff/libff/../libff/algebra/fields/bigint.hpp:62:
/aleth/build/deps/src/libff/libff/../libff/algebra/fields/bigint.tcc:37:15: warning: unused variable 'limbs_written' [-Wunused-variable]
    mp_size_t limbs_written = mpn_set_str(this->data, s_copy, l, 10);
              ^
In file included from /aleth/build/deps/src/libff/libff/algebra/curves/alt_bn128/alt_bn128_g1.cpp:8:
In file included from /aleth/build/deps/src/libff/libff/../libff/algebra/curves/alt_bn128/alt_bn128_g1.hpp:12:
In file included from /aleth/build/deps/src/libff/libff/../libff/algebra/curves/alt_bn128/alt_bn128_init.hpp:11:
In file included from /aleth/build/deps/src/libff/libff/../libff/algebra/fields/fp.hpp:182:
/aleth/build/deps/src/libff/libff/../libff/algebra/fields/fp.tcc:181:29: warning: unused variable 'borrow' [-Wunused-variable]
            const mp_limb_t borrow = mpn_sub(res+n, res+n, n, modulus.data, n);
                            ^
/aleth/build/deps/src/libff/libff/../libff/algebra/fields/fp.tcc:206:25: warning: unused variable 'borrow' [-Wunused-variable]
        const mp_limb_t borrow = mpn_sub_1(this->mont_repr.data, modulus.data, n, (mp_limb_t)-x);
                        ^
/aleth/build/deps/src/libff/libff/../libff/algebra/fields/fp.tcc:412:29: warning: unused variable 'borrow' [-Wunused-variable]
            const mp_limb_t borrow = mpn_sub(scratch, scratch, n+1, modulus.data, n);
                            ^
/aleth/build/deps/src/libff/libff/../libff/algebra/fields/fp.tcc:504:25: warning: unused variable 'borrow' [-Wunused-variable]
        const mp_limb_t borrow = mpn_sub(scratch, scratch, n+1, other.mont_repr.data, n);
                        ^
/aleth/build/deps/src/libff/libff/../libff/algebra/fields/fp.tcc:679:25: warning: unused variable 'borrow' [-Wunused-variable]
        const mp_limb_t borrow = mpn_sub_n(this->mont_repr.data, modulus.data, this->mont_repr.data, n);
                        ^
/aleth/build/deps/src/libff/libff/../libff/algebra/fields/fp.tcc:658:21: warning: unused variable 'gn' [-Wunused-variable]
    const mp_size_t gn = mpn_gcdext(g.data, s, &sn, this->mont_repr.data, n, v.data, n);
                    ^
7 warnings generated.
In file included from /aleth/build/deps/src/libff/libff/algebra/curves/alt_bn128/alt_bn128_g2.cpp:8:
In file included from /aleth/build/deps/src/libff/libff/../libff/algebra/curves/alt_bn128/alt_bn128_g2.hpp:12:
In file included from /aleth/build/deps/src/libff/libff/../libff/algebra/curves/alt_bn128/alt_bn128_init.hpp:11:
In file included from /aleth/build/deps/src/libff/libff/../libff/algebra/fields/fp.hpp:13:
In file included from /aleth/build/deps/src/libff/libff/../libff/algebra/exponentiation/exponentiation.hpp:17:
In file included from /aleth/build/deps/src/libff/libff/../libff/algebra/fields/bigint.hpp:62:
/aleth/build/deps/src/libff/libff/../libff/algebra/fields/bigint.tcc:37:15: warning: unused variable 'limbs_written' [-Wunused-variable]
    mp_size_t limbs_written = mpn_set_str(this->data, s_copy, l, 10);
              ^
In file included from /aleth/build/deps/src/libff/libff/algebra/curves/alt_bn128/alt_bn128_g2.cpp:8:
In file included from /aleth/build/deps/src/libff/libff/../libff/algebra/curves/alt_bn128/alt_bn128_g2.hpp:12:
In file included from /aleth/build/deps/src/libff/libff/../libff/algebra/curves/alt_bn128/alt_bn128_init.hpp:11:
In file included from /aleth/build/deps/src/libff/libff/../libff/algebra/fields/fp.hpp:182:
/aleth/build/deps/src/libff/libff/../libff/algebra/fields/fp.tcc:181:29: warning: unused variable 'borrow' [-Wunused-variable]
            const mp_limb_t borrow = mpn_sub(res+n, res+n, n, modulus.data, n);
                            ^
/aleth/build/deps/src/libff/libff/../libff/algebra/fields/fp.tcc:206:25: warning: unused variable 'borrow' [-Wunused-variable]
        const mp_limb_t borrow = mpn_sub_1(this->mont_repr.data, modulus.data, n, (mp_limb_t)-x);
                        ^
/aleth/build/deps/src/libff/libff/../libff/algebra/fields/fp.tcc:412:29: warning: unused variable 'borrow' [-Wunused-variable]
            const mp_limb_t borrow = mpn_sub(scratch, scratch, n+1, modulus.data, n);
                            ^
/aleth/build/deps/src/libff/libff/../libff/algebra/fields/fp.tcc:504:25: warning: unused variable 'borrow' [-Wunused-variable]
        const mp_limb_t borrow = mpn_sub(scratch, scratch, n+1, other.mont_repr.data, n);
                        ^
/aleth/build/deps/src/libff/libff/../libff/algebra/fields/fp.tcc:679:25: warning: unused variable 'borrow' [-Wunused-variable]
        const mp_limb_t borrow = mpn_sub_n(this->mont_repr.data, modulus.data, this->mont_repr.data, n);
                        ^
/aleth/build/deps/src/libff/libff/../libff/algebra/fields/fp.tcc:658:21: warning: unused variable 'gn' [-Wunused-variable]
    const mp_size_t gn = mpn_gcdext(g.data, s, &sn, this->mont_repr.data, n, v.data, n);
                    ^
7 warnings generated.
In file included from /aleth/build/deps/src/libff/libff/algebra/curves/alt_bn128/alt_bn128_init.cpp:8:
In file included from /aleth/build/deps/src/libff/libff/../libff/algebra/curves/alt_bn128/alt_bn128_g1.hpp:12:
In file included from /aleth/build/deps/src/libff/libff/../libff/algebra/curves/alt_bn128/alt_bn128_init.hpp:11:
In file included from /aleth/build/deps/src/libff/libff/../libff/algebra/fields/fp.hpp:13:
In file included from /aleth/build/deps/src/libff/libff/../libff/algebra/exponentiation/exponentiation.hpp:17:
In file included from /aleth/build/deps/src/libff/libff/../libff/algebra/fields/bigint.hpp:62:
/aleth/build/deps/src/libff/libff/../libff/algebra/fields/bigint.tcc:37:15: warning: unused variable 'limbs_written' [-Wunused-variable]
    mp_size_t limbs_written = mpn_set_str(this->data, s_copy, l, 10);
              ^
In file included from /aleth/build/deps/src/libff/libff/algebra/curves/alt_bn128/alt_bn128_init.cpp:8:
In file included from /aleth/build/deps/src/libff/libff/../libff/algebra/curves/alt_bn128/alt_bn128_g1.hpp:12:
In file included from /aleth/build/deps/src/libff/libff/../libff/algebra/curves/alt_bn128/alt_bn128_init.hpp:11:
In file included from /aleth/build/deps/src/libff/libff/../libff/algebra/fields/fp.hpp:182:
/aleth/build/deps/src/libff/libff/../libff/algebra/fields/fp.tcc:181:29: warning: unused variable 'borrow' [-Wunused-variable]
            const mp_limb_t borrow = mpn_sub(res+n, res+n, n, modulus.data, n);
                            ^
/aleth/build/deps/src/libff/libff/../libff/algebra/fields/fp.tcc:206:25: warning: unused variable 'borrow' [-Wunused-variable]
        const mp_limb_t borrow = mpn_sub_1(this->mont_repr.data, modulus.data, n, (mp_limb_t)-x);
                        ^
/aleth/build/deps/src/libff/libff/../libff/algebra/fields/fp.tcc:412:29: warning: unused variable 'borrow' [-Wunused-variable]
            const mp_limb_t borrow = mpn_sub(scratch, scratch, n+1, modulus.data, n);
                            ^
/aleth/build/deps/src/libff/libff/../libff/algebra/fields/fp.tcc:504:25: warning: unused variable 'borrow' [-Wunused-variable]
        const mp_limb_t borrow = mpn_sub(scratch, scratch, n+1, other.mont_repr.data, n);
                        ^
/aleth/build/deps/src/libff/libff/../libff/algebra/fields/fp.tcc:679:25: warning: unused variable 'borrow' [-Wunused-variable]
        const mp_limb_t borrow = mpn_sub_n(this->mont_repr.data, modulus.data, this->mont_repr.data, n);
                        ^
/aleth/build/deps/src/libff/libff/../libff/algebra/fields/fp.tcc:658:21: warning: unused variable 'gn' [-Wunused-variable]
    const mp_size_t gn = mpn_gcdext(g.data, s, &sn, this->mont_repr.data, n, v.data, n);
                    ^
7 warnings generated.
In file included from /aleth/build/deps/src/libff/libff/algebra/curves/alt_bn128/alt_bn128_pairing.cpp:10:
In file included from /aleth/build/deps/src/libff/libff/../libff/algebra/curves/alt_bn128/alt_bn128_g1.hpp:12:
In file included from /aleth/build/deps/src/libff/libff/../libff/algebra/curves/alt_bn128/alt_bn128_init.hpp:11:
In file included from /aleth/build/deps/src/libff/libff/../libff/algebra/fields/fp.hpp:13:
In file included from /aleth/build/deps/src/libff/libff/../libff/algebra/exponentiation/exponentiation.hpp:17:
In file included from /aleth/build/deps/src/libff/libff/../libff/algebra/fields/bigint.hpp:62:
/aleth/build/deps/src/libff/libff/../libff/algebra/fields/bigint.tcc:37:15: warning: unused variable 'limbs_written' [-Wunused-variable]
    mp_size_t limbs_written = mpn_set_str(this->data, s_copy, l, 10);
              ^
In file included from /aleth/build/deps/src/libff/libff/algebra/curves/alt_bn128/alt_bn128_pairing.cpp:10:
In file included from /aleth/build/deps/src/libff/libff/../libff/algebra/curves/alt_bn128/alt_bn128_g1.hpp:12:
In file included from /aleth/build/deps/src/libff/libff/../libff/algebra/curves/alt_bn128/alt_bn128_init.hpp:11:
In file included from /aleth/build/deps/src/libff/libff/../libff/algebra/fields/fp.hpp:182:
/aleth/build/deps/src/libff/libff/../libff/algebra/fields/fp.tcc:181:29: warning: unused variable 'borrow' [-Wunused-variable]
            const mp_limb_t borrow = mpn_sub(res+n, res+n, n, modulus.data, n);
                            ^
/aleth/build/deps/src/libff/libff/../libff/algebra/fields/fp.tcc:206:25: warning: unused variable 'borrow' [-Wunused-variable]
        const mp_limb_t borrow = mpn_sub_1(this->mont_repr.data, modulus.data, n, (mp_limb_t)-x);
                        ^
/aleth/build/deps/src/libff/libff/../libff/algebra/fields/fp.tcc:412:29: warning: unused variable 'borrow' [-Wunused-variable]
            const mp_limb_t borrow = mpn_sub(scratch, scratch, n+1, modulus.data, n);
                            ^
/aleth/build/deps/src/libff/libff/../libff/algebra/fields/fp.tcc:504:25: warning: unused variable 'borrow' [-Wunused-variable]
        const mp_limb_t borrow = mpn_sub(scratch, scratch, n+1, other.mont_repr.data, n);
                        ^
/aleth/build/deps/src/libff/libff/../libff/algebra/fields/fp.tcc:679:25: warning: unused variable 'borrow' [-Wunused-variable]
        const mp_limb_t borrow = mpn_sub_n(this->mont_repr.data, modulus.data, this->mont_repr.data, n);
                        ^
/aleth/build/deps/src/libff/libff/../libff/algebra/fields/fp.tcc:658:21: warning: unused variable 'gn' [-Wunused-variable]
    const mp_size_t gn = mpn_gcdext(g.data, s, &sn, this->mont_repr.data, n, v.data, n);
                    ^
7 warnings generated.
In file included from /aleth/build/deps/src/libff/libff/algebra/curves/alt_bn128/alt_bn128_pp.cpp:8:
In file included from /aleth/build/deps/src/libff/libff/../libff/algebra/curves/alt_bn128/alt_bn128_pp.hpp:10:
In file included from /aleth/build/deps/src/libff/libff/../libff/algebra/curves/alt_bn128/alt_bn128_g1.hpp:12:
In file included from /aleth/build/deps/src/libff/libff/../libff/algebra/curves/alt_bn128/alt_bn128_init.hpp:11:
In file included from /aleth/build/deps/src/libff/libff/../libff/algebra/fields/fp.hpp:13:
In file included from /aleth/build/deps/src/libff/libff/../libff/algebra/exponentiation/exponentiation.hpp:17:
In file included from /aleth/build/deps/src/libff/libff/../libff/algebra/fields/bigint.hpp:62:
/aleth/build/deps/src/libff/libff/../libff/algebra/fields/bigint.tcc:37:15: warning: unused variable 'limbs_written' [-Wunused-variable]
    mp_size_t limbs_written = mpn_set_str(this->data, s_copy, l, 10);
              ^
In file included from /aleth/build/deps/src/libff/libff/algebra/curves/alt_bn128/alt_bn128_pp.cpp:8:
In file included from /aleth/build/deps/src/libff/libff/../libff/algebra/curves/alt_bn128/alt_bn128_pp.hpp:10:
In file included from /aleth/build/deps/src/libff/libff/../libff/algebra/curves/alt_bn128/alt_bn128_g1.hpp:12:
In file included from /aleth/build/deps/src/libff/libff/../libff/algebra/curves/alt_bn128/alt_bn128_init.hpp:11:
In file included from /aleth/build/deps/src/libff/libff/../libff/algebra/fields/fp.hpp:182:
/aleth/build/deps/src/libff/libff/../libff/algebra/fields/fp.tcc:181:29: warning: unused variable 'borrow' [-Wunused-variable]
            const mp_limb_t borrow = mpn_sub(res+n, res+n, n, modulus.data, n);
                            ^
/aleth/build/deps/src/libff/libff/../libff/algebra/fields/fp.tcc:206:25: warning: unused variable 'borrow' [-Wunused-variable]
        const mp_limb_t borrow = mpn_sub_1(this->mont_repr.data, modulus.data, n, (mp_limb_t)-x);
                        ^
/aleth/build/deps/src/libff/libff/../libff/algebra/fields/fp.tcc:412:29: warning: unused variable 'borrow' [-Wunused-variable]
            const mp_limb_t borrow = mpn_sub(scratch, scratch, n+1, modulus.data, n);
                            ^
/aleth/build/deps/src/libff/libff/../libff/algebra/fields/fp.tcc:504:25: warning: unused variable 'borrow' [-Wunused-variable]
        const mp_limb_t borrow = mpn_sub(scratch, scratch, n+1, other.mont_repr.data, n);
                        ^
/aleth/build/deps/src/libff/libff/../libff/algebra/fields/fp.tcc:679:25: warning: unused variable 'borrow' [-Wunused-variable]
        const mp_limb_t borrow = mpn_sub_n(this->mont_repr.data, modulus.data, this->mont_repr.data, n);
                        ^
/aleth/build/deps/src/libff/libff/../libff/algebra/fields/fp.tcc:658:21: warning: unused variable 'gn' [-Wunused-variable]
    const mp_size_t gn = mpn_gcdext(g.data, s, &sn, this->mont_repr.data, n, v.data, n);
                    ^
7 warnings generated.
In file included from /aleth/build/deps/src/libff/libff/algebra/curves/edwards/edwards_g1.cpp:8:
In file included from /aleth/build/deps/src/libff/libff/../libff/algebra/curves/edwards/edwards_g1.hpp:12:
In file included from /aleth/build/deps/src/libff/libff/../libff/algebra/curves/curve_utils.hpp:12:
In file included from /aleth/build/deps/src/libff/libff/../libff/algebra/fields/bigint.hpp:62:
/aleth/build/deps/src/libff/libff/../libff/algebra/fields/bigint.tcc:37:15: warning: unused variable 'limbs_written' [-Wunused-variable]
    mp_size_t limbs_written = mpn_set_str(this->data, s_copy, l, 10);
              ^
In file included from /aleth/build/deps/src/libff/libff/algebra/curves/edwards/edwards_g1.cpp:8:
In file included from /aleth/build/deps/src/libff/libff/../libff/algebra/curves/edwards/edwards_g1.hpp:13:
In file included from /aleth/build/deps/src/libff/libff/../libff/algebra/curves/edwards/edwards_init.hpp:11:
In file included from /aleth/build/deps/src/libff/libff/../libff/algebra/fields/fp.hpp:182:
/aleth/build/deps/src/libff/libff/../libff/algebra/fields/fp.tcc:181:29: warning: unused variable 'borrow' [-Wunused-variable]
            const mp_limb_t borrow = mpn_sub(res+n, res+n, n, modulus.data, n);
                            ^
/aleth/build/deps/src/libff/libff/../libff/algebra/fields/fp.tcc:206:25: warning: unused variable 'borrow' [-Wunused-variable]
        const mp_limb_t borrow = mpn_sub_1(this->mont_repr.data, modulus.data, n, (mp_limb_t)-x);
                        ^
/aleth/build/deps/src/libff/libff/../libff/algebra/fields/fp.tcc:412:29: warning: unused variable 'borrow' [-Wunused-variable]
            const mp_limb_t borrow = mpn_sub(scratch, scratch, n+1, modulus.data, n);
                            ^
/aleth/build/deps/src/libff/libff/../libff/algebra/fields/fp.tcc:504:25: warning: unused variable 'borrow' [-Wunused-variable]
        const mp_limb_t borrow = mpn_sub(scratch, scratch, n+1, other.mont_repr.data, n);
                        ^
/aleth/build/deps/src/libff/libff/../libff/algebra/fields/fp.tcc:679:25: warning: unused variable 'borrow' [-Wunused-variable]
        const mp_limb_t borrow = mpn_sub_n(this->mont_repr.data, modulus.data, this->mont_repr.data, n);
                        ^
/aleth/build/deps/src/libff/libff/../libff/algebra/fields/fp.tcc:658:21: warning: unused variable 'gn' [-Wunused-variable]
    const mp_size_t gn = mpn_gcdext(g.data, s, &sn, this->mont_repr.data, n, v.data, n);
                    ^
7 warnings generated.
In file included from /aleth/build/deps/src/libff/libff/algebra/curves/edwards/edwards_g2.cpp:8:
In file included from /aleth/build/deps/src/libff/libff/../libff/algebra/curves/edwards/edwards_g2.hpp:13:
In file included from /aleth/build/deps/src/libff/libff/../libff/algebra/curves/curve_utils.hpp:12:
In file included from /aleth/build/deps/src/libff/libff/../libff/algebra/fields/bigint.hpp:62:
/aleth/build/deps/src/libff/libff/../libff/algebra/fields/bigint.tcc:37:15: warning: unused variable 'limbs_written' [-Wunused-variable]
    mp_size_t limbs_written = mpn_set_str(this->data, s_copy, l, 10);
              ^
In file included from /aleth/build/deps/src/libff/libff/algebra/curves/edwards/edwards_g2.cpp:8:
In file included from /aleth/build/deps/src/libff/libff/../libff/algebra/curves/edwards/edwards_g2.hpp:14:
In file included from /aleth/build/deps/src/libff/libff/../libff/algebra/curves/edwards/edwards_init.hpp:11:
In file included from /aleth/build/deps/src/libff/libff/../libff/algebra/fields/fp.hpp:182:
/aleth/build/deps/src/libff/libff/../libff/algebra/fields/fp.tcc:181:29: warning: unused variable 'borrow' [-Wunused-variable]
            const mp_limb_t borrow = mpn_sub(res+n, res+n, n, modulus.data, n);
                            ^
/aleth/build/deps/src/libff/libff/../libff/algebra/fields/fp.tcc:206:25: warning: unused variable 'borrow' [-Wunused-variable]
        const mp_limb_t borrow = mpn_sub_1(this->mont_repr.data, modulus.data, n, (mp_limb_t)-x);
                        ^
/aleth/build/deps/src/libff/libff/../libff/algebra/fields/fp.tcc:412:29: warning: unused variable 'borrow' [-Wunused-variable]
            const mp_limb_t borrow = mpn_sub(scratch, scratch, n+1, modulus.data, n);
                            ^
/aleth/build/deps/src/libff/libff/../libff/algebra/fields/fp.tcc:504:25: warning: unused variable 'borrow' [-Wunused-variable]
        const mp_limb_t borrow = mpn_sub(scratch, scratch, n+1, other.mont_repr.data, n);
                        ^
/aleth/build/deps/src/libff/libff/../libff/algebra/fields/fp.tcc:679:25: warning: unused variable 'borrow' [-Wunused-variable]
        const mp_limb_t borrow = mpn_sub_n(this->mont_repr.data, modulus.data, this->mont_repr.data, n);
                        ^
/aleth/build/deps/src/libff/libff/../libff/algebra/fields/fp.tcc:658:21: warning: unused variable 'gn' [-Wunused-variable]
    const mp_size_t gn = mpn_gcdext(g.data, s, &sn, this->mont_repr.data, n, v.data, n);
                    ^
7 warnings generated.
In file included from /aleth/build/deps/src/libff/libff/algebra/curves/edwards/edwards_init.cpp:8:
In file included from /aleth/build/deps/src/libff/libff/../libff/algebra/curves/edwards/edwards_g1.hpp:12:
In file included from /aleth/build/deps/src/libff/libff/../libff/algebra/curves/curve_utils.hpp:12:
In file included from /aleth/build/deps/src/libff/libff/../libff/algebra/fields/bigint.hpp:62:
/aleth/build/deps/src/libff/libff/../libff/algebra/fields/bigint.tcc:37:15: warning: unused variable 'limbs_written' [-Wunused-variable]
    mp_size_t limbs_written = mpn_set_str(this->data, s_copy, l, 10);
              ^
In file included from /aleth/build/deps/src/libff/libff/algebra/curves/edwards/edwards_init.cpp:8:
In file included from /aleth/build/deps/src/libff/libff/../libff/algebra/curves/edwards/edwards_g1.hpp:13:
In file included from /aleth/build/deps/src/libff/libff/../libff/algebra/curves/edwards/edwards_init.hpp:11:
In file included from /aleth/build/deps/src/libff/libff/../libff/algebra/fields/fp.hpp:182:
/aleth/build/deps/src/libff/libff/../libff/algebra/fields/fp.tcc:181:29: warning: unused variable 'borrow' [-Wunused-variable]
            const mp_limb_t borrow = mpn_sub(res+n, res+n, n, modulus.data, n);
                            ^
/aleth/build/deps/src/libff/libff/../libff/algebra/fields/fp.tcc:206:25: warning: unused variable 'borrow' [-Wunused-variable]
        const mp_limb_t borrow = mpn_sub_1(this->mont_repr.data, modulus.data, n, (mp_limb_t)-x);
                        ^
/aleth/build/deps/src/libff/libff/../libff/algebra/fields/fp.tcc:412:29: warning: unused variable 'borrow' [-Wunused-variable]
            const mp_limb_t borrow = mpn_sub(scratch, scratch, n+1, modulus.data, n);
                            ^
/aleth/build/deps/src/libff/libff/../libff/algebra/fields/fp.tcc:504:25: warning: unused variable 'borrow' [-Wunused-variable]
        const mp_limb_t borrow = mpn_sub(scratch, scratch, n+1, other.mont_repr.data, n);
                        ^
/aleth/build/deps/src/libff/libff/../libff/algebra/fields/fp.tcc:679:25: warning: unused variable 'borrow' [-Wunused-variable]
        const mp_limb_t borrow = mpn_sub_n(this->mont_repr.data, modulus.data, this->mont_repr.data, n);
                        ^
/aleth/build/deps/src/libff/libff/../libff/algebra/fields/fp.tcc:658:21: warning: unused variable 'gn' [-Wunused-variable]
    const mp_size_t gn = mpn_gcdext(g.data, s, &sn, this->mont_repr.data, n, v.data, n);
                    ^
7 warnings generated.
In file included from /aleth/build/deps/src/libff/libff/algebra/curves/edwards/edwards_pairing.cpp:10:
In file included from /aleth/build/deps/src/libff/libff/../libff/algebra/curves/edwards/edwards_g1.hpp:12:
In file included from /aleth/build/deps/src/libff/libff/../libff/algebra/curves/curve_utils.hpp:12:
In file included from /aleth/build/deps/src/libff/libff/../libff/algebra/fields/bigint.hpp:62:
/aleth/build/deps/src/libff/libff/../libff/algebra/fields/bigint.tcc:37:15: warning: unused variable 'limbs_written' [-Wunused-variable]
    mp_size_t limbs_written = mpn_set_str(this->data, s_copy, l, 10);
              ^
In file included from /aleth/build/deps/src/libff/libff/algebra/curves/edwards/edwards_pairing.cpp:10:
In file included from /aleth/build/deps/src/libff/libff/../libff/algebra/curves/edwards/edwards_g1.hpp:13:
In file included from /aleth/build/deps/src/libff/libff/../libff/algebra/curves/edwards/edwards_init.hpp:11:
In file included from /aleth/build/deps/src/libff/libff/../libff/algebra/fields/fp.hpp:182:
/aleth/build/deps/src/libff/libff/../libff/algebra/fields/fp.tcc:181:29: warning: unused variable 'borrow' [-Wunused-variable]
            const mp_limb_t borrow = mpn_sub(res+n, res+n, n, modulus.data, n);
                            ^
/aleth/build/deps/src/libff/libff/../libff/algebra/fields/fp.tcc:206:25: warning: unused variable 'borrow' [-Wunused-variable]
        const mp_limb_t borrow = mpn_sub_1(this->mont_repr.data, modulus.data, n, (mp_limb_t)-x);
                        ^
/aleth/build/deps/src/libff/libff/../libff/algebra/fields/fp.tcc:412:29: warning: unused variable 'borrow' [-Wunused-variable]
            const mp_limb_t borrow = mpn_sub(scratch, scratch, n+1, modulus.data, n);
                            ^
/aleth/build/deps/src/libff/libff/../libff/algebra/fields/fp.tcc:504:25: warning: unused variable 'borrow' [-Wunused-variable]
        const mp_limb_t borrow = mpn_sub(scratch, scratch, n+1, other.mont_repr.data, n);
                        ^
/aleth/build/deps/src/libff/libff/../libff/algebra/fields/fp.tcc:679:25: warning: unused variable 'borrow' [-Wunused-variable]
        const mp_limb_t borrow = mpn_sub_n(this->mont_repr.data, modulus.data, this->mont_repr.data, n);
                        ^
/aleth/build/deps/src/libff/libff/../libff/algebra/fields/fp.tcc:658:21: warning: unused variable 'gn' [-Wunused-variable]
    const mp_size_t gn = mpn_gcdext(g.data, s, &sn, this->mont_repr.data, n, v.data, n);
                    ^
7 warnings generated.
In file included from /aleth/build/deps/src/libff/libff/algebra/curves/edwards/edwards_pp.cpp:8:
In file included from /aleth/build/deps/src/libff/libff/../libff/algebra/curves/edwards/edwards_pp.hpp:10:
In file included from /aleth/build/deps/src/libff/libff/../libff/algebra/curves/edwards/edwards_g1.hpp:12:
In file included from /aleth/build/deps/src/libff/libff/../libff/algebra/curves/curve_utils.hpp:12:
In file included from /aleth/build/deps/src/libff/libff/../libff/algebra/fields/bigint.hpp:62:
/aleth/build/deps/src/libff/libff/../libff/algebra/fields/bigint.tcc:37:15: warning: unused variable 'limbs_written' [-Wunused-variable]
    mp_size_t limbs_written = mpn_set_str(this->data, s_copy, l, 10);
              ^
In file included from /aleth/build/deps/src/libff/libff/algebra/curves/edwards/edwards_pp.cpp:8:
In file included from /aleth/build/deps/src/libff/libff/../libff/algebra/curves/edwards/edwards_pp.hpp:10:
In file included from /aleth/build/deps/src/libff/libff/../libff/algebra/curves/edwards/edwards_g1.hpp:13:
In file included from /aleth/build/deps/src/libff/libff/../libff/algebra/curves/edwards/edwards_init.hpp:11:
In file included from /aleth/build/deps/src/libff/libff/../libff/algebra/fields/fp.hpp:182:
/aleth/build/deps/src/libff/libff/../libff/algebra/fields/fp.tcc:181:29: warning: unused variable 'borrow' [-Wunused-variable]
            const mp_limb_t borrow = mpn_sub(res+n, res+n, n, modulus.data, n);
                            ^
/aleth/build/deps/src/libff/libff/../libff/algebra/fields/fp.tcc:206:25: warning: unused variable 'borrow' [-Wunused-variable]
        const mp_limb_t borrow = mpn_sub_1(this->mont_repr.data, modulus.data, n, (mp_limb_t)-x);
                        ^
/aleth/build/deps/src/libff/libff/../libff/algebra/fields/fp.tcc:412:29: warning: unused variable 'borrow' [-Wunused-variable]
            const mp_limb_t borrow = mpn_sub(scratch, scratch, n+1, modulus.data, n);
                            ^
/aleth/build/deps/src/libff/libff/../libff/algebra/fields/fp.tcc:504:25: warning: unused variable 'borrow' [-Wunused-variable]
        const mp_limb_t borrow = mpn_sub(scratch, scratch, n+1, other.mont_repr.data, n);
                        ^
/aleth/build/deps/src/libff/libff/../libff/algebra/fields/fp.tcc:679:25: warning: unused variable 'borrow' [-Wunused-variable]
        const mp_limb_t borrow = mpn_sub_n(this->mont_repr.data, modulus.data, this->mont_repr.data, n);
                        ^
/aleth/build/deps/src/libff/libff/../libff/algebra/fields/fp.tcc:658:21: warning: unused variable 'gn' [-Wunused-variable]
    const mp_size_t gn = mpn_gcdext(g.data, s, &sn, this->mont_repr.data, n, v.data, n);
                    ^
7 warnings generated.
In file included from /aleth/build/deps/src/libff/libff/algebra/curves/mnt/mnt4/mnt4_g1.cpp:14:
In file included from /aleth/build/deps/src/libff/libff/../libff/algebra/curves/mnt/mnt4/mnt4_g1.hpp:17:
In file included from /aleth/build/deps/src/libff/libff/../libff/algebra/curves/curve_utils.hpp:12:
In file included from /aleth/build/deps/src/libff/libff/../libff/algebra/fields/bigint.hpp:62:
/aleth/build/deps/src/libff/libff/../libff/algebra/fields/bigint.tcc:37:15: warning: unused variable 'limbs_written' [-Wunused-variable]
    mp_size_t limbs_written = mpn_set_str(this->data, s_copy, l, 10);
              ^
In file included from /aleth/build/deps/src/libff/libff/algebra/curves/mnt/mnt4/mnt4_g1.cpp:14:
In file included from /aleth/build/deps/src/libff/libff/../libff/algebra/curves/mnt/mnt4/mnt4_g1.hpp:18:
In file included from /aleth/build/deps/src/libff/libff/../libff/algebra/curves/mnt/mnt4/mnt4_init.hpp:17:
In file included from /aleth/build/deps/src/libff/libff/../libff/algebra/fields/fp.hpp:182:
/aleth/build/deps/src/libff/libff/../libff/algebra/fields/fp.tcc:181:29: warning: unused variable 'borrow' [-Wunused-variable]
            const mp_limb_t borrow = mpn_sub(res+n, res+n, n, modulus.data, n);
                            ^
/aleth/build/deps/src/libff/libff/../libff/algebra/fields/fp.tcc:206:25: warning: unused variable 'borrow' [-Wunused-variable]
        const mp_limb_t borrow = mpn_sub_1(this->mont_repr.data, modulus.data, n, (mp_limb_t)-x);
                        ^
/aleth/build/deps/src/libff/libff/../libff/algebra/fields/fp.tcc:412:29: warning: unused variable 'borrow' [-Wunused-variable]
            const mp_limb_t borrow = mpn_sub(scratch, scratch, n+1, modulus.data, n);
                            ^
/aleth/build/deps/src/libff/libff/../libff/algebra/fields/fp.tcc:504:25: warning: unused variable 'borrow' [-Wunused-variable]
        const mp_limb_t borrow = mpn_sub(scratch, scratch, n+1, other.mont_repr.data, n);
                        ^
/aleth/build/deps/src/libff/libff/../libff/algebra/fields/fp.tcc:679:25: warning: unused variable 'borrow' [-Wunused-variable]
        const mp_limb_t borrow = mpn_sub_n(this->mont_repr.data, modulus.data, this->mont_repr.data, n);
                        ^
/aleth/build/deps/src/libff/libff/../libff/algebra/fields/fp.tcc:658:21: warning: unused variable 'gn' [-Wunused-variable]
    const mp_size_t gn = mpn_gcdext(g.data, s, &sn, this->mont_repr.data, n, v.data, n);
                    ^
7 warnings generated.
In file included from /aleth/build/deps/src/libff/libff/algebra/curves/mnt/mnt4/mnt4_g2.cpp:14:
In file included from /aleth/build/deps/src/libff/libff/../libff/algebra/curves/mnt/mnt4/mnt4_g2.hpp:17:
In file included from /aleth/build/deps/src/libff/libff/../libff/algebra/curves/curve_utils.hpp:12:
In file included from /aleth/build/deps/src/libff/libff/../libff/algebra/fields/bigint.hpp:62:
/aleth/build/deps/src/libff/libff/../libff/algebra/fields/bigint.tcc:37:15: warning: unused variable 'limbs_written' [-Wunused-variable]
    mp_size_t limbs_written = mpn_set_str(this->data, s_copy, l, 10);
              ^
In file included from /aleth/build/deps/src/libff/libff/algebra/curves/mnt/mnt4/mnt4_g2.cpp:14:
In file included from /aleth/build/deps/src/libff/libff/../libff/algebra/curves/mnt/mnt4/mnt4_g2.hpp:18:
In file included from /aleth/build/deps/src/libff/libff/../libff/algebra/curves/mnt/mnt4/mnt4_init.hpp:17:
In file included from /aleth/build/deps/src/libff/libff/../libff/algebra/fields/fp.hpp:182:
/aleth/build/deps/src/libff/libff/../libff/algebra/fields/fp.tcc:181:29: warning: unused variable 'borrow' [-Wunused-variable]
            const mp_limb_t borrow = mpn_sub(res+n, res+n, n, modulus.data, n);
                            ^
/aleth/build/deps/src/libff/libff/../libff/algebra/fields/fp.tcc:206:25: warning: unused variable 'borrow' [-Wunused-variable]
        const mp_limb_t borrow = mpn_sub_1(this->mont_repr.data, modulus.data, n, (mp_limb_t)-x);
                        ^
/aleth/build/deps/src/libff/libff/../libff/algebra/fields/fp.tcc:412:29: warning: unused variable 'borrow' [-Wunused-variable]
            const mp_limb_t borrow = mpn_sub(scratch, scratch, n+1, modulus.data, n);
                            ^
/aleth/build/deps/src/libff/libff/../libff/algebra/fields/fp.tcc:504:25: warning: unused variable 'borrow' [-Wunused-variable]
        const mp_limb_t borrow = mpn_sub(scratch, scratch, n+1, other.mont_repr.data, n);
                        ^
/aleth/build/deps/src/libff/libff/../libff/algebra/fields/fp.tcc:679:25: warning: unused variable 'borrow' [-Wunused-variable]
        const mp_limb_t borrow = mpn_sub_n(this->mont_repr.data, modulus.data, this->mont_repr.data, n);
                        ^
/aleth/build/deps/src/libff/libff/../libff/algebra/fields/fp.tcc:658:21: warning: unused variable 'gn' [-Wunused-variable]
    const mp_size_t gn = mpn_gcdext(g.data, s, &sn, this->mont_repr.data, n, v.data, n);
                    ^
7 warnings generated.
In file included from /aleth/build/deps/src/libff/libff/algebra/curves/mnt/mnt4/mnt4_init.cpp:14:
In file included from /aleth/build/deps/src/libff/libff/../libff/algebra/curves/mnt/mnt4/mnt4_g1.hpp:17:
In file included from /aleth/build/deps/src/libff/libff/../libff/algebra/curves/curve_utils.hpp:12:
In file included from /aleth/build/deps/src/libff/libff/../libff/algebra/fields/bigint.hpp:62:
/aleth/build/deps/src/libff/libff/../libff/algebra/fields/bigint.tcc:37:15: warning: unused variable 'limbs_written' [-Wunused-variable]
    mp_size_t limbs_written = mpn_set_str(this->data, s_copy, l, 10);
              ^
In file included from /aleth/build/deps/src/libff/libff/algebra/curves/mnt/mnt4/mnt4_init.cpp:14:
In file included from /aleth/build/deps/src/libff/libff/../libff/algebra/curves/mnt/mnt4/mnt4_g1.hpp:18:
In file included from /aleth/build/deps/src/libff/libff/../libff/algebra/curves/mnt/mnt4/mnt4_init.hpp:17:
In file included from /aleth/build/deps/src/libff/libff/../libff/algebra/fields/fp.hpp:182:
/aleth/build/deps/src/libff/libff/../libff/algebra/fields/fp.tcc:181:29: warning: unused variable 'borrow' [-Wunused-variable]
            const mp_limb_t borrow = mpn_sub(res+n, res+n, n, modulus.data, n);
                            ^
/aleth/build/deps/src/libff/libff/../libff/algebra/fields/fp.tcc:206:25: warning: unused variable 'borrow' [-Wunused-variable]
        const mp_limb_t borrow = mpn_sub_1(this->mont_repr.data, modulus.data, n, (mp_limb_t)-x);
                        ^
/aleth/build/deps/src/libff/libff/../libff/algebra/fields/fp.tcc:412:29: warning: unused variable 'borrow' [-Wunused-variable]
            const mp_limb_t borrow = mpn_sub(scratch, scratch, n+1, modulus.data, n);
                            ^
/aleth/build/deps/src/libff/libff/../libff/algebra/fields/fp.tcc:504:25: warning: unused variable 'borrow' [-Wunused-variable]
        const mp_limb_t borrow = mpn_sub(scratch, scratch, n+1, other.mont_repr.data, n);
                        ^
/aleth/build/deps/src/libff/libff/../libff/algebra/fields/fp.tcc:679:25: warning: unused variable 'borrow' [-Wunused-variable]
        const mp_limb_t borrow = mpn_sub_n(this->mont_repr.data, modulus.data, this->mont_repr.data, n);
                        ^
/aleth/build/deps/src/libff/libff/../libff/algebra/fields/fp.tcc:658:21: warning: unused variable 'gn' [-Wunused-variable]
    const mp_size_t gn = mpn_gcdext(g.data, s, &sn, this->mont_repr.data, n, v.data, n);
                    ^
7 warnings generated.
In file included from /aleth/build/deps/src/libff/libff/algebra/curves/mnt/mnt4/mnt4_pairing.cpp:16:
In file included from /aleth/build/deps/src/libff/libff/../libff/algebra/curves/mnt/mnt4/mnt4_g1.hpp:17:
In file included from /aleth/build/deps/src/libff/libff/../libff/algebra/curves/curve_utils.hpp:12:
In file included from /aleth/build/deps/src/libff/libff/../libff/algebra/fields/bigint.hpp:62:
/aleth/build/deps/src/libff/libff/../libff/algebra/fields/bigint.tcc:37:15: warning: unused variable 'limbs_written' [-Wunused-variable]
    mp_size_t limbs_written = mpn_set_str(this->data, s_copy, l, 10);
              ^
In file included from /aleth/build/deps/src/libff/libff/algebra/curves/mnt/mnt4/mnt4_pairing.cpp:16:
In file included from /aleth/build/deps/src/libff/libff/../libff/algebra/curves/mnt/mnt4/mnt4_g1.hpp:18:
In file included from /aleth/build/deps/src/libff/libff/../libff/algebra/curves/mnt/mnt4/mnt4_init.hpp:17:
In file included from /aleth/build/deps/src/libff/libff/../libff/algebra/fields/fp.hpp:182:
/aleth/build/deps/src/libff/libff/../libff/algebra/fields/fp.tcc:181:29: warning: unused variable 'borrow' [-Wunused-variable]
            const mp_limb_t borrow = mpn_sub(res+n, res+n, n, modulus.data, n);
                            ^
/aleth/build/deps/src/libff/libff/../libff/algebra/fields/fp.tcc:206:25: warning: unused variable 'borrow' [-Wunused-variable]
        const mp_limb_t borrow = mpn_sub_1(this->mont_repr.data, modulus.data, n, (mp_limb_t)-x);
                        ^
/aleth/build/deps/src/libff/libff/../libff/algebra/fields/fp.tcc:412:29: warning: unused variable 'borrow' [-Wunused-variable]
            const mp_limb_t borrow = mpn_sub(scratch, scratch, n+1, modulus.data, n);
                            ^
/aleth/build/deps/src/libff/libff/../libff/algebra/fields/fp.tcc:504:25: warning: unused variable 'borrow' [-Wunused-variable]
        const mp_limb_t borrow = mpn_sub(scratch, scratch, n+1, other.mont_repr.data, n);
                        ^
/aleth/build/deps/src/libff/libff/../libff/algebra/fields/fp.tcc:679:25: warning: unused variable 'borrow' [-Wunused-variable]
        const mp_limb_t borrow = mpn_sub_n(this->mont_repr.data, modulus.data, this->mont_repr.data, n);
                        ^
/aleth/build/deps/src/libff/libff/../libff/algebra/fields/fp.tcc:658:21: warning: unused variable 'gn' [-Wunused-variable]
    const mp_size_t gn = mpn_gcdext(g.data, s, &sn, this->mont_repr.data, n, v.data, n);
                    ^
7 warnings generated.
In file included from /aleth/build/deps/src/libff/libff/algebra/curves/mnt/mnt4/mnt4_pp.cpp:14:
In file included from /aleth/build/deps/src/libff/libff/../libff/algebra/curves/mnt/mnt4/mnt4_pp.hpp:15:
In file included from /aleth/build/deps/src/libff/libff/../libff/algebra/curves/mnt/mnt4/mnt4_g1.hpp:17:
In file included from /aleth/build/deps/src/libff/libff/../libff/algebra/curves/curve_utils.hpp:12:
In file included from /aleth/build/deps/src/libff/libff/../libff/algebra/fields/bigint.hpp:62:
/aleth/build/deps/src/libff/libff/../libff/algebra/fields/bigint.tcc:37:15: warning: unused variable 'limbs_written' [-Wunused-variable]
    mp_size_t limbs_written = mpn_set_str(this->data, s_copy, l, 10);
              ^
In file included from /aleth/build/deps/src/libff/libff/algebra/curves/mnt/mnt4/mnt4_pp.cpp:14:
In file included from /aleth/build/deps/src/libff/libff/../libff/algebra/curves/mnt/mnt4/mnt4_pp.hpp:15:
In file included from /aleth/build/deps/src/libff/libff/../libff/algebra/curves/mnt/mnt4/mnt4_g1.hpp:18:
In file included from /aleth/build/deps/src/libff/libff/../libff/algebra/curves/mnt/mnt4/mnt4_init.hpp:17:
In file included from /aleth/build/deps/src/libff/libff/../libff/algebra/fields/fp.hpp:182:
/aleth/build/deps/src/libff/libff/../libff/algebra/fields/fp.tcc:181:29: warning: unused variable 'borrow' [-Wunused-variable]
            const mp_limb_t borrow = mpn_sub(res+n, res+n, n, modulus.data, n);
                            ^
/aleth/build/deps/src/libff/libff/../libff/algebra/fields/fp.tcc:206:25: warning: unused variable 'borrow' [-Wunused-variable]
        const mp_limb_t borrow = mpn_sub_1(this->mont_repr.data, modulus.data, n, (mp_limb_t)-x);
                        ^
/aleth/build/deps/src/libff/libff/../libff/algebra/fields/fp.tcc:412:29: warning: unused variable 'borrow' [-Wunused-variable]
            const mp_limb_t borrow = mpn_sub(scratch, scratch, n+1, modulus.data, n);
                            ^
/aleth/build/deps/src/libff/libff/../libff/algebra/fields/fp.tcc:504:25: warning: unused variable 'borrow' [-Wunused-variable]
        const mp_limb_t borrow = mpn_sub(scratch, scratch, n+1, other.mont_repr.data, n);
                        ^
/aleth/build/deps/src/libff/libff/../libff/algebra/fields/fp.tcc:679:25: warning: unused variable 'borrow' [-Wunused-variable]
        const mp_limb_t borrow = mpn_sub_n(this->mont_repr.data, modulus.data, this->mont_repr.data, n);
                        ^
/aleth/build/deps/src/libff/libff/../libff/algebra/fields/fp.tcc:658:21: warning: unused variable 'gn' [-Wunused-variable]
    const mp_size_t gn = mpn_gcdext(g.data, s, &sn, this->mont_repr.data, n, v.data, n);
                    ^
7 warnings generated.
In file included from /aleth/build/deps/src/libff/libff/algebra/curves/mnt/mnt46_common.cpp:14:
In file included from /aleth/build/deps/src/libff/libff/../libff/algebra/curves/mnt/mnt46_common.hpp:15:
In file included from /aleth/build/deps/src/libff/libff/../libff/algebra/fields/bigint.hpp:62:
/aleth/build/deps/src/libff/libff/../libff/algebra/fields/bigint.tcc:37:15: warning: unused variable 'limbs_written' [-Wunused-variable]
    mp_size_t limbs_written = mpn_set_str(this->data, s_copy, l, 10);
              ^
1 warning generated.
In file included from /aleth/build/deps/src/libff/libff/algebra/curves/mnt/mnt6/mnt6_g1.cpp:14:
In file included from /aleth/build/deps/src/libff/libff/../libff/algebra/curves/mnt/mnt6/mnt6_g1.hpp:17:
In file included from /aleth/build/deps/src/libff/libff/../libff/algebra/curves/curve_utils.hpp:12:
In file included from /aleth/build/deps/src/libff/libff/../libff/algebra/fields/bigint.hpp:62:
/aleth/build/deps/src/libff/libff/../libff/algebra/fields/bigint.tcc:37:15: warning: unused variable 'limbs_written' [-Wunused-variable]
    mp_size_t limbs_written = mpn_set_str(this->data, s_copy, l, 10);
              ^
In file included from /aleth/build/deps/src/libff/libff/algebra/curves/mnt/mnt6/mnt6_g1.cpp:14:
In file included from /aleth/build/deps/src/libff/libff/../libff/algebra/curves/mnt/mnt6/mnt6_g1.hpp:18:
In file included from /aleth/build/deps/src/libff/libff/../libff/algebra/curves/mnt/mnt6/mnt6_init.hpp:17:
In file included from /aleth/build/deps/src/libff/libff/../libff/algebra/fields/fp.hpp:182:
/aleth/build/deps/src/libff/libff/../libff/algebra/fields/fp.tcc:181:29: warning: unused variable 'borrow' [-Wunused-variable]
            const mp_limb_t borrow = mpn_sub(res+n, res+n, n, modulus.data, n);
                            ^
/aleth/build/deps/src/libff/libff/../libff/algebra/fields/fp.tcc:206:25: warning: unused variable 'borrow' [-Wunused-variable]
        const mp_limb_t borrow = mpn_sub_1(this->mont_repr.data, modulus.data, n, (mp_limb_t)-x);
                        ^
/aleth/build/deps/src/libff/libff/../libff/algebra/fields/fp.tcc:412:29: warning: unused variable 'borrow' [-Wunused-variable]
            const mp_limb_t borrow = mpn_sub(scratch, scratch, n+1, modulus.data, n);
                            ^
/aleth/build/deps/src/libff/libff/../libff/algebra/fields/fp.tcc:504:25: warning: unused variable 'borrow' [-Wunused-variable]
        const mp_limb_t borrow = mpn_sub(scratch, scratch, n+1, other.mont_repr.data, n);
                        ^
/aleth/build/deps/src/libff/libff/../libff/algebra/fields/fp.tcc:679:25: warning: unused variable 'borrow' [-Wunused-variable]
        const mp_limb_t borrow = mpn_sub_n(this->mont_repr.data, modulus.data, this->mont_repr.data, n);
                        ^
/aleth/build/deps/src/libff/libff/../libff/algebra/fields/fp.tcc:658:21: warning: unused variable 'gn' [-Wunused-variable]
    const mp_size_t gn = mpn_gcdext(g.data, s, &sn, this->mont_repr.data, n, v.data, n);
                    ^
7 warnings generated.
In file included from /aleth/build/deps/src/libff/libff/algebra/curves/mnt/mnt6/mnt6_g2.cpp:14:
In file included from /aleth/build/deps/src/libff/libff/../libff/algebra/curves/mnt/mnt6/mnt6_g2.hpp:17:
In file included from /aleth/build/deps/src/libff/libff/../libff/algebra/curves/curve_utils.hpp:12:
In file included from /aleth/build/deps/src/libff/libff/../libff/algebra/fields/bigint.hpp:62:
/aleth/build/deps/src/libff/libff/../libff/algebra/fields/bigint.tcc:37:15: warning: unused variable 'limbs_written' [-Wunused-variable]
    mp_size_t limbs_written = mpn_set_str(this->data, s_copy, l, 10);
              ^
In file included from /aleth/build/deps/src/libff/libff/algebra/curves/mnt/mnt6/mnt6_g2.cpp:14:
In file included from /aleth/build/deps/src/libff/libff/../libff/algebra/curves/mnt/mnt6/mnt6_g2.hpp:18:
In file included from /aleth/build/deps/src/libff/libff/../libff/algebra/curves/mnt/mnt6/mnt6_init.hpp:17:
In file included from /aleth/build/deps/src/libff/libff/../libff/algebra/fields/fp.hpp:182:
/aleth/build/deps/src/libff/libff/../libff/algebra/fields/fp.tcc:181:29: warning: unused variable 'borrow' [-Wunused-variable]
            const mp_limb_t borrow = mpn_sub(res+n, res+n, n, modulus.data, n);
                            ^
/aleth/build/deps/src/libff/libff/../libff/algebra/fields/fp.tcc:206:25: warning: unused variable 'borrow' [-Wunused-variable]
        const mp_limb_t borrow = mpn_sub_1(this->mont_repr.data, modulus.data, n, (mp_limb_t)-x);
                        ^
/aleth/build/deps/src/libff/libff/../libff/algebra/fields/fp.tcc:412:29: warning: unused variable 'borrow' [-Wunused-variable]
            const mp_limb_t borrow = mpn_sub(scratch, scratch, n+1, modulus.data, n);
                            ^
/aleth/build/deps/src/libff/libff/../libff/algebra/fields/fp.tcc:504:25: warning: unused variable 'borrow' [-Wunused-variable]
        const mp_limb_t borrow = mpn_sub(scratch, scratch, n+1, other.mont_repr.data, n);
                        ^
/aleth/build/deps/src/libff/libff/../libff/algebra/fields/fp.tcc:679:25: warning: unused variable 'borrow' [-Wunused-variable]
        const mp_limb_t borrow = mpn_sub_n(this->mont_repr.data, modulus.data, this->mont_repr.data, n);
                        ^
/aleth/build/deps/src/libff/libff/../libff/algebra/fields/fp.tcc:658:21: warning: unused variable 'gn' [-Wunused-variable]
    const mp_size_t gn = mpn_gcdext(g.data, s, &sn, this->mont_repr.data, n, v.data, n);
                    ^
7 warnings generated.
In file included from /aleth/build/deps/src/libff/libff/algebra/curves/mnt/mnt6/mnt6_init.cpp:14:
In file included from /aleth/build/deps/src/libff/libff/../libff/algebra/curves/mnt/mnt6/mnt6_g1.hpp:17:
In file included from /aleth/build/deps/src/libff/libff/../libff/algebra/curves/curve_utils.hpp:12:
In file included from /aleth/build/deps/src/libff/libff/../libff/algebra/fields/bigint.hpp:62:
/aleth/build/deps/src/libff/libff/../libff/algebra/fields/bigint.tcc:37:15: warning: unused variable 'limbs_written' [-Wunused-variable]
    mp_size_t limbs_written = mpn_set_str(this->data, s_copy, l, 10);
              ^
In file included from /aleth/build/deps/src/libff/libff/algebra/curves/mnt/mnt6/mnt6_init.cpp:14:
In file included from /aleth/build/deps/src/libff/libff/../libff/algebra/curves/mnt/mnt6/mnt6_g1.hpp:18:
In file included from /aleth/build/deps/src/libff/libff/../libff/algebra/curves/mnt/mnt6/mnt6_init.hpp:17:
In file included from /aleth/build/deps/src/libff/libff/../libff/algebra/fields/fp.hpp:182:
/aleth/build/deps/src/libff/libff/../libff/algebra/fields/fp.tcc:181:29: warning: unused variable 'borrow' [-Wunused-variable]
            const mp_limb_t borrow = mpn_sub(res+n, res+n, n, modulus.data, n);
                            ^
/aleth/build/deps/src/libff/libff/../libff/algebra/fields/fp.tcc:206:25: warning: unused variable 'borrow' [-Wunused-variable]
        const mp_limb_t borrow = mpn_sub_1(this->mont_repr.data, modulus.data, n, (mp_limb_t)-x);
                        ^
/aleth/build/deps/src/libff/libff/../libff/algebra/fields/fp.tcc:412:29: warning: unused variable 'borrow' [-Wunused-variable]
            const mp_limb_t borrow = mpn_sub(scratch, scratch, n+1, modulus.data, n);
                            ^
/aleth/build/deps/src/libff/libff/../libff/algebra/fields/fp.tcc:504:25: warning: unused variable 'borrow' [-Wunused-variable]
        const mp_limb_t borrow = mpn_sub(scratch, scratch, n+1, other.mont_repr.data, n);
                        ^
/aleth/build/deps/src/libff/libff/../libff/algebra/fields/fp.tcc:679:25: warning: unused variable 'borrow' [-Wunused-variable]
        const mp_limb_t borrow = mpn_sub_n(this->mont_repr.data, modulus.data, this->mont_repr.data, n);
                        ^
/aleth/build/deps/src/libff/libff/../libff/algebra/fields/fp.tcc:658:21: warning: unused variable 'gn' [-Wunused-variable]
    const mp_size_t gn = mpn_gcdext(g.data, s, &sn, this->mont_repr.data, n, v.data, n);
                    ^
7 warnings generated.
In file included from /aleth/build/deps/src/libff/libff/algebra/curves/mnt/mnt6/mnt6_pairing.cpp:16:
In file included from /aleth/build/deps/src/libff/libff/../libff/algebra/curves/mnt/mnt6/mnt6_g1.hpp:17:
In file included from /aleth/build/deps/src/libff/libff/../libff/algebra/curves/curve_utils.hpp:12:
In file included from /aleth/build/deps/src/libff/libff/../libff/algebra/fields/bigint.hpp:62:
/aleth/build/deps/src/libff/libff/../libff/algebra/fields/bigint.tcc:37:15: warning: unused variable 'limbs_written' [-Wunused-variable]
    mp_size_t limbs_written = mpn_set_str(this->data, s_copy, l, 10);
              ^
In file included from /aleth/build/deps/src/libff/libff/algebra/curves/mnt/mnt6/mnt6_pairing.cpp:16:
In file included from /aleth/build/deps/src/libff/libff/../libff/algebra/curves/mnt/mnt6/mnt6_g1.hpp:18:
In file included from /aleth/build/deps/src/libff/libff/../libff/algebra/curves/mnt/mnt6/mnt6_init.hpp:17:
In file included from /aleth/build/deps/src/libff/libff/../libff/algebra/fields/fp.hpp:182:
/aleth/build/deps/src/libff/libff/../libff/algebra/fields/fp.tcc:181:29: warning: unused variable 'borrow' [-Wunused-variable]
            const mp_limb_t borrow = mpn_sub(res+n, res+n, n, modulus.data, n);
                            ^
/aleth/build/deps/src/libff/libff/../libff/algebra/fields/fp.tcc:206:25: warning: unused variable 'borrow' [-Wunused-variable]
        const mp_limb_t borrow = mpn_sub_1(this->mont_repr.data, modulus.data, n, (mp_limb_t)-x);
                        ^
/aleth/build/deps/src/libff/libff/../libff/algebra/fields/fp.tcc:412:29: warning: unused variable 'borrow' [-Wunused-variable]
            const mp_limb_t borrow = mpn_sub(scratch, scratch, n+1, modulus.data, n);
                            ^
/aleth/build/deps/src/libff/libff/../libff/algebra/fields/fp.tcc:504:25: warning: unused variable 'borrow' [-Wunused-variable]
        const mp_limb_t borrow = mpn_sub(scratch, scratch, n+1, other.mont_repr.data, n);
                        ^
/aleth/build/deps/src/libff/libff/../libff/algebra/fields/fp.tcc:679:25: warning: unused variable 'borrow' [-Wunused-variable]
        const mp_limb_t borrow = mpn_sub_n(this->mont_repr.data, modulus.data, this->mont_repr.data, n);
                        ^
/aleth/build/deps/src/libff/libff/../libff/algebra/fields/fp.tcc:658:21: warning: unused variable 'gn' [-Wunused-variable]
    const mp_size_t gn = mpn_gcdext(g.data, s, &sn, this->mont_repr.data, n, v.data, n);
                    ^
7 warnings generated.
In file included from /aleth/build/deps/src/libff/libff/algebra/curves/mnt/mnt6/mnt6_pp.cpp:14:
In file included from /aleth/build/deps/src/libff/libff/../libff/algebra/curves/mnt/mnt6/mnt6_pp.hpp:15:
In file included from /aleth/build/deps/src/libff/libff/../libff/algebra/curves/mnt/mnt6/mnt6_g1.hpp:17:
In file included from /aleth/build/deps/src/libff/libff/../libff/algebra/curves/curve_utils.hpp:12:
In file included from /aleth/build/deps/src/libff/libff/../libff/algebra/fields/bigint.hpp:62:
/aleth/build/deps/src/libff/libff/../libff/algebra/fields/bigint.tcc:37:15: warning: unused variable 'limbs_written' [-Wunused-variable]
    mp_size_t limbs_written = mpn_set_str(this->data, s_copy, l, 10);
              ^
In file included from /aleth/build/deps/src/libff/libff/algebra/curves/mnt/mnt6/mnt6_pp.cpp:14:
In file included from /aleth/build/deps/src/libff/libff/../libff/algebra/curves/mnt/mnt6/mnt6_pp.hpp:15:
In file included from /aleth/build/deps/src/libff/libff/../libff/algebra/curves/mnt/mnt6/mnt6_g1.hpp:18:
In file included from /aleth/build/deps/src/libff/libff/../libff/algebra/curves/mnt/mnt6/mnt6_init.hpp:17:
In file included from /aleth/build/deps/src/libff/libff/../libff/algebra/fields/fp.hpp:182:
/aleth/build/deps/src/libff/libff/../libff/algebra/fields/fp.tcc:181:29: warning: unused variable 'borrow' [-Wunused-variable]
            const mp_limb_t borrow = mpn_sub(res+n, res+n, n, modulus.data, n);
                            ^
/aleth/build/deps/src/libff/libff/../libff/algebra/fields/fp.tcc:206:25: warning: unused variable 'borrow' [-Wunused-variable]
        const mp_limb_t borrow = mpn_sub_1(this->mont_repr.data, modulus.data, n, (mp_limb_t)-x);
                        ^
/aleth/build/deps/src/libff/libff/../libff/algebra/fields/fp.tcc:412:29: warning: unused variable 'borrow' [-Wunused-variable]
            const mp_limb_t borrow = mpn_sub(scratch, scratch, n+1, modulus.data, n);
                            ^
/aleth/build/deps/src/libff/libff/../libff/algebra/fields/fp.tcc:504:25: warning: unused variable 'borrow' [-Wunused-variable]
        const mp_limb_t borrow = mpn_sub(scratch, scratch, n+1, other.mont_repr.data, n);
                        ^
/aleth/build/deps/src/libff/libff/../libff/algebra/fields/fp.tcc:679:25: warning: unused variable 'borrow' [-Wunused-variable]
        const mp_limb_t borrow = mpn_sub_n(this->mont_repr.data, modulus.data, this->mont_repr.data, n);
                        ^
/aleth/build/deps/src/libff/libff/../libff/algebra/fields/fp.tcc:658:21: warning: unused variable 'gn' [-Wunused-variable]
    const mp_size_t gn = mpn_gcdext(g.data, s, &sn, this->mont_repr.data, n, v.data, n);
                    ^
7 warnings generated.
In file included from /aleth/build/deps/src/libff/libff/common/double.cpp:17:
In file included from /aleth/build/deps/src/libff/libff/../libff/algebra/fields/bigint.hpp:62:
/aleth/build/deps/src/libff/libff/../libff/algebra/fields/bigint.tcc:37:15: warning: unused variable 'limbs_written' [-Wunused-variable]
    mp_size_t limbs_written = mpn_set_str(this->data, s_copy, l, 10);
              ^
/aleth/build/deps/src/libff/libff/common/double.cpp:22:16: warning: unused variable 'PI' [-Wunused-const-variable]
  const double PI = 3.141592653589793238460264338328L;
               ^
2 warnings generated.
In file included from /aleth/build/deps/src/libff/libff/common/profiling.cpp:22:
In file included from /aleth/build/deps/src/libff/libff/../libff/common/default_types/ec_pp.hpp:20:
In file included from /aleth/build/deps/src/libff/libff/../libff/algebra/curves/alt_bn128/alt_bn128_pp.hpp:10:
In file included from /aleth/build/deps/src/libff/libff/../libff/algebra/curves/alt_bn128/alt_bn128_g1.hpp:12:
In file included from /aleth/build/deps/src/libff/libff/../libff/algebra/curves/alt_bn128/alt_bn128_init.hpp:11:
In file included from /aleth/build/deps/src/libff/libff/../libff/algebra/fields/fp.hpp:13:
In file included from /aleth/build/deps/src/libff/libff/../libff/algebra/exponentiation/exponentiation.hpp:17:
In file included from /aleth/build/deps/src/libff/libff/../libff/algebra/fields/bigint.hpp:62:
/aleth/build/deps/src/libff/libff/../libff/algebra/fields/bigint.tcc:37:15: warning: unused variable 'limbs_written' [-Wunused-variable]
    mp_size_t limbs_written = mpn_set_str(this->data, s_copy, l, 10);
              ^
In file included from /aleth/build/deps/src/libff/libff/common/profiling.cpp:22:
In file included from /aleth/build/deps/src/libff/libff/../libff/common/default_types/ec_pp.hpp:20:
In file included from /aleth/build/deps/src/libff/libff/../libff/algebra/curves/alt_bn128/alt_bn128_pp.hpp:10:
In file included from /aleth/build/deps/src/libff/libff/../libff/algebra/curves/alt_bn128/alt_bn128_g1.hpp:12:
In file included from /aleth/build/deps/src/libff/libff/../libff/algebra/curves/alt_bn128/alt_bn128_init.hpp:11:
In file included from /aleth/build/deps/src/libff/libff/../libff/algebra/fields/fp.hpp:182:
/aleth/build/deps/src/libff/libff/../libff/algebra/fields/fp.tcc:181:29: warning: unused variable 'borrow' [-Wunused-variable]
            const mp_limb_t borrow = mpn_sub(res+n, res+n, n, modulus.data, n);
                            ^
/aleth/build/deps/src/libff/libff/../libff/algebra/fields/fp.tcc:206:25: warning: unused variable 'borrow' [-Wunused-variable]
        const mp_limb_t borrow = mpn_sub_1(this->mont_repr.data, modulus.data, n, (mp_limb_t)-x);
                        ^
/aleth/build/deps/src/libff/libff/../libff/algebra/fields/fp.tcc:412:29: warning: unused variable 'borrow' [-Wunused-variable]
            const mp_limb_t borrow = mpn_sub(scratch, scratch, n+1, modulus.data, n);
                            ^
/aleth/build/deps/src/libff/libff/../libff/algebra/fields/fp.tcc:504:25: warning: unused variable 'borrow' [-Wunused-variable]
        const mp_limb_t borrow = mpn_sub(scratch, scratch, n+1, other.mont_repr.data, n);
                        ^
/aleth/build/deps/src/libff/libff/../libff/algebra/fields/fp.tcc:679:25: warning: unused variable 'borrow' [-Wunused-variable]
        const mp_limb_t borrow = mpn_sub_n(this->mont_repr.data, modulus.data, this->mont_repr.data, n);
                        ^
/aleth/build/deps/src/libff/libff/../libff/algebra/fields/fp.tcc:658:21: warning: unused variable 'gn' [-Wunused-variable]
    const mp_size_t gn = mpn_gcdext(g.data, s, &sn, this->mont_repr.data, n, v.data, n);
                    ^
/aleth/build/deps/src/libff/libff/common/profiling.cpp:333:35: warning: unused parameter 's' [-Wunused-parameter]
void print_mem(const std::string &s)
                                  ^
8 warnings generated.
